[ 2017-11-01T09:12:28+08:00 ] 127.0.0.1 /index.php/Home/Article/captcha
ERR: 非法操作:captcha

[ 2017-11-01T09:26:24+08:00 ] 127.0.0.1 /index.php/Home/Public/signup
INFO: [ app_begin ] --START--
INFO: Run Behavior\ReadHtmlCacheBehavior [ RunTime:0.001885s ]
INFO: [ app_begin ] --END-- [ RunTime:0.002522s ]
SQL: SHOW COLUMNS FROM `user` [ RunTime:0.0838s ]
SQL: SELECT * FROM `user` WHERE ( username = '卢申南'  ) LIMIT 1   [ RunTime:0.0003s ]
SQL: INSERT INTO `user` (`username`,`email`,`password`) VALUES ('卢申南','1148296441@qq.com','1148296441') [ RunTime:0.0575s ]

[ 2017-11-01T09:26:39+08:00 ] 127.0.0.1 /index.php/Home/Public/checkLogin
INFO: [ app_begin ] --START--
INFO: Run Behavior\ReadHtmlCacheBehavior [ RunTime:0.000718s ]
INFO: [ app_begin ] --END-- [ RunTime:0.001287s ]
SQL: SHOW COLUMNS FROM `user` [ RunTime:0.0064s ]
SQL: SELECT * FROM `user` WHERE ( username = '卢申南'  ) LIMIT 1   [ RunTime:0.0004s ]

[ 2017-11-01T11:04:47+08:00 ] 127.0.0.1 /index.php/Home/Article/zannum?art_id=23&zannum=0
INFO: [ app_begin ] --START--
INFO: Run Behavior\ReadHtmlCacheBehavior [ RunTime:0.001069s ]
INFO: [ app_begin ] --END-- [ RunTime:0.001757s ]
INFO: [ app_end ] --START--
INFO: Run Behavior\ShowPageTraceBehavior [ RunTime:0.001702s ]
INFO: [ app_end ] --END-- [ RunTime:0.001866s ]

[ 2017-11-01T11:04:48+08:00 ] 127.0.0.1 /index.php/Home/Article/zannum?art_id=23&zannum=1
INFO: [ app_begin ] --START--
INFO: Run Behavior\ReadHtmlCacheBehavior [ RunTime:0.000940s ]
INFO: [ app_begin ] --END-- [ RunTime:0.001427s ]
INFO: [ app_end ] --START--
INFO: Run Behavior\ShowPageTraceBehavior [ RunTime:0.001539s ]
INFO: [ app_end ] --END-- [ RunTime:0.001710s ]

[ 2017-11-01T11:04:49+08:00 ] 127.0.0.1 /index.php/Home/Article/zannum?art_id=23&zannum=0
INFO: [ app_begin ] --START--
INFO: Run Behavior\ReadHtmlCacheBehavior [ RunTime:0.001120s ]
INFO: [ app_begin ] --END-- [ RunTime:0.001791s ]
INFO: [ app_end ] --START--
INFO: Run Behavior\ShowPageTraceBehavior [ RunTime:0.001386s ]
INFO: [ app_end ] --END-- [ RunTime:0.001492s ]

[ 2017-11-01T11:04:50+08:00 ] 127.0.0.1 /index.php/Home/Article/zannum?art_id=23&zannum=1
INFO: [ app_begin ] --START--
INFO: Run Behavior\ReadHtmlCacheBehavior [ RunTime:0.000731s ]
INFO: [ app_begin ] --END-- [ RunTime:0.001240s ]
INFO: [ app_end ] --START--
INFO: Run Behavior\ShowPageTraceBehavior [ RunTime:0.001122s ]
INFO: [ app_end ] --END-- [ RunTime:0.001240s ]

[ 2017-11-01T11:04:50+08:00 ] 127.0.0.1 /index.php/Home/Article/zannum?art_id=23&zannum=0
INFO: [ app_begin ] --START--
INFO: Run Behavior\ReadHtmlCacheBehavior [ RunTime:0.000730s ]
INFO: [ app_begin ] --END-- [ RunTime:0.001210s ]
INFO: [ app_end ] --START--
INFO: Run Behavior\ShowPageTraceBehavior [ RunTime:0.001071s ]
INFO: [ app_end ] --END-- [ RunTime:0.001175s ]

[ 2017-11-01T11:05:18+08:00 ] 127.0.0.1 /index.php/Home/Article/zannum?art_id=23&zannum=1
INFO: [ app_begin ] --START--
INFO: Run Behavior\ReadHtmlCacheBehavior [ RunTime:0.001506s ]
INFO: [ app_begin ] --END-- [ RunTime:0.002506s ]
INFO: [ app_end ] --START--
INFO: Run Behavior\ShowPageTraceBehavior [ RunTime:0.001091s ]
INFO: [ app_end ] --END-- [ RunTime:0.001198s ]

[ 2017-11-01T11:12:14+08:00 ] 127.0.0.1 /index.php/Home/Article/zannums?art_id=23&zannum=0
INFO: [ app_begin ] --START--
INFO: Run Behavior\ReadHtmlCacheBehavior [ RunTime:0.000760s ]
INFO: [ app_begin ] --END-- [ RunTime:0.001433s ]
SQL: SHOW COLUMNS FROM `article` [ RunTime:0.0056s ]
INFO: [ app_end ] --START--
INFO: Run Behavior\ShowPageTraceBehavior [ RunTime:0.001235s ]
INFO: [ app_end ] --END-- [ RunTime:0.001391s ]

[ 2017-11-01T11:12:56+08:00 ] 127.0.0.1 /index.php/Home/Article/zannums?art_id=24&zannum=0
INFO: [ app_begin ] --START--
INFO: Run Behavior\ReadHtmlCacheBehavior [ RunTime:0.001342s ]
INFO: [ app_begin ] --END-- [ RunTime:0.002273s ]
SQL: SHOW COLUMNS FROM `article` [ RunTime:0.0083s ]
INFO: [ app_end ] --START--
INFO: Run Behavior\ShowPageTraceBehavior [ RunTime:0.001591s ]
INFO: [ app_end ] --END-- [ RunTime:0.001729s ]

[ 2017-11-01T11:13:05+08:00 ] 127.0.0.1 /index.php/Home/Article/zannums?art_id=24&zannum=1
INFO: [ app_begin ] --START--
INFO: Run Behavior\ReadHtmlCacheBehavior [ RunTime:0.000767s ]
INFO: [ app_begin ] --END-- [ RunTime:0.001403s ]
SQL: SHOW COLUMNS FROM `article` [ RunTime:0.0074s ]
INFO: [ app_end ] --START--
INFO: Run Behavior\ShowPageTraceBehavior [ RunTime:0.001751s ]
INFO: [ app_end ] --END-- [ RunTime:0.001897s ]

[ 2017-11-01T11:13:17+08:00 ] 127.0.0.1 /index.php/Home/Article/zannums?art_id=24&zannum=0
INFO: [ app_begin ] --START--
INFO: Run Behavior\ReadHtmlCacheBehavior [ RunTime:0.001588s ]
INFO: [ app_begin ] --END-- [ RunTime:0.002622s ]
SQL: SHOW COLUMNS FROM `article` [ RunTime:0.0259s ]
INFO: [ app_end ] --START--
INFO: Run Behavior\ShowPageTraceBehavior [ RunTime:0.001466s ]
INFO: [ app_end ] --END-- [ RunTime:0.001607s ]

[ 2017-11-01T11:14:55+08:00 ] 127.0.0.1 /index.php/Home/Article/zannums?art_id=24&zannum=1
INFO: [ app_begin ] --START--
INFO: Run Behavior\ReadHtmlCacheBehavior [ RunTime:0.003291s ]
INFO: [ app_begin ] --END-- [ RunTime:0.003967s ]
SQL: SHOW COLUMNS FROM `article` [ RunTime:0.0060s ]
INFO: [ app_end ] --START--
INFO: Run Behavior\ShowPageTraceBehavior [ RunTime:0.001898s ]
INFO: [ app_end ] --END-- [ RunTime:0.002022s ]

[ 2017-11-01T11:15:54+08:00 ] 127.0.0.1 /index.php/Home/Article/zannums?art_id=24&zannum=1
INFO: [ app_begin ] --START--
INFO: Run Behavior\ReadHtmlCacheBehavior [ RunTime:0.001367s ]
INFO: [ app_begin ] --END-- [ RunTime:0.002164s ]
SQL: SHOW COLUMNS FROM `article` [ RunTime:0.0067s ]
INFO: [ app_end ] --START--
INFO: Run Behavior\ShowPageTraceBehavior [ RunTime:0.001217s ]
INFO: [ app_end ] --END-- [ RunTime:0.001369s ]

[ 2017-11-01T11:18:36+08:00 ] 127.0.0.1 /index.php/Home/Article/zannums?art_id=24&zannum=1
INFO: [ app_begin ] --START--
INFO: Run Behavior\ReadHtmlCacheBehavior [ RunTime:0.000800s ]
INFO: [ app_begin ] --END-- [ RunTime:0.001313s ]
SQL: SHOW COLUMNS FROM `article` [ RunTime:0.0265s ]
NOTIC: [8] Use of undefined constant likes - assumed 'likes' C:\demo\lublog\Application\Home\Controller\ArticleController.class.php 第 38 行.
INFO: [ app_end ] --START--
INFO: Run Behavior\ShowPageTraceBehavior [ RunTime:0.001482s ]
INFO: [ app_end ] --END-- [ RunTime:0.001716s ]

[ 2017-11-01T11:19:21+08:00 ] 127.0.0.1 /index.php/Home/Article/zannums?art_id=24&zannum=1
INFO: [ app_begin ] --START--
INFO: Run Behavior\ReadHtmlCacheBehavior [ RunTime:0.001710s ]
INFO: [ app_begin ] --END-- [ RunTime:0.002659s ]
SQL: SHOW COLUMNS FROM `article` [ RunTime:0.0059s ]
INFO: [ app_end ] --START--
INFO: Run Behavior\ShowPageTraceBehavior [ RunTime:0.001150s ]
INFO: [ app_end ] --END-- [ RunTime:0.001243s ]

[ 2017-11-01T11:20:05+08:00 ] 127.0.0.1 /index.php/Home/Article/zannums?art_id=23&zannum=1
INFO: [ app_begin ] --START--
INFO: Run Behavior\ReadHtmlCacheBehavior [ RunTime:0.001267s ]
INFO: [ app_begin ] --END-- [ RunTime:0.002256s ]
SQL: SHOW COLUMNS FROM `article` [ RunTime:0.0052s ]
INFO: [ app_end ] --START--
INFO: Run Behavior\ShowPageTraceBehavior [ RunTime:0.001555s ]
INFO: [ app_end ] --END-- [ RunTime:0.001696s ]

[ 2017-11-01T11:20:20+08:00 ] 127.0.0.1 /index.php/Home/Article/zannums?art_id=23&zannum=1
INFO: [ app_begin ] --START--
INFO: Run Behavior\ReadHtmlCacheBehavior [ RunTime:0.001186s ]
INFO: [ app_begin ] --END-- [ RunTime:0.002221s ]
SQL: SHOW COLUMNS FROM `article` [ RunTime:0.0070s ]
INFO: [ app_end ] --START--
INFO: Run Behavior\ShowPageTraceBehavior [ RunTime:0.001343s ]
INFO: [ app_end ] --END-- [ RunTime:0.001446s ]

[ 2017-11-01T11:20:58+08:00 ] 127.0.0.1 /index.php/Home/Article/zannums?art_id=23&zannum=1
INFO: [ app_begin ] --START--
INFO: Run Behavior\ReadHtmlCacheBehavior [ RunTime:0.001213s ]
INFO: [ app_begin ] --END-- [ RunTime:0.002038s ]
SQL: SHOW COLUMNS FROM `article` [ RunTime:0.0239s ]
SQL: UPDATE `article` SET `likes`='1' WHERE `art_id` = 23 [ RunTime:0.1318s ]
INFO: [ app_end ] --START--
INFO: Run Behavior\ShowPageTraceBehavior [ RunTime:0.000903s ]
INFO: [ app_end ] --END-- [ RunTime:0.001003s ]

[ 2017-11-01T11:21:13+08:00 ] 127.0.0.1 /index.php/Home/Article/zannums?art_id=23&zannum=2
INFO: [ app_begin ] --START--
INFO: Run Behavior\ReadHtmlCacheBehavior [ RunTime:0.001279s ]
INFO: [ app_begin ] --END-- [ RunTime:0.002551s ]
SQL: SHOW COLUMNS FROM `article` [ RunTime:0.0063s ]
SQL: UPDATE `article` SET `likes`='2' WHERE `art_id` = 23 [ RunTime:0.0428s ]
INFO: [ app_end ] --START--
INFO: Run Behavior\ShowPageTraceBehavior [ RunTime:0.001700s ]
INFO: [ app_end ] --END-- [ RunTime:0.001869s ]

[ 2017-11-01T11:21:40+08:00 ] 127.0.0.1 /index.php/Home/Article/zannums?art_id=24&zannum=1
INFO: [ app_begin ] --START--
INFO: Run Behavior\ReadHtmlCacheBehavior [ RunTime:0.000784s ]
INFO: [ app_begin ] --END-- [ RunTime:0.001278s ]
SQL: SHOW COLUMNS FROM `article` [ RunTime:0.0064s ]
SQL: UPDATE `article` SET `likes`='1' WHERE `art_id` = 24 [ RunTime:0.0875s ]
INFO: [ app_end ] --START--
INFO: Run Behavior\ShowPageTraceBehavior [ RunTime:0.001261s ]
INFO: [ app_end ] --END-- [ RunTime:0.001418s ]

[ 2017-11-01T11:21:40+08:00 ] 127.0.0.1 /index.php/Home/Article/zannums?art_id=24&zannum=0
INFO: [ app_begin ] --START--
INFO: Run Behavior\ReadHtmlCacheBehavior [ RunTime:0.001287s ]
INFO: [ app_begin ] --END-- [ RunTime:0.002304s ]
SQL: SHOW COLUMNS FROM `article` [ RunTime:0.0067s ]
SQL: UPDATE `article` SET `likes`='0' WHERE `art_id` = 24 [ RunTime:0.0764s ]
INFO: [ app_end ] --START--
INFO: Run Behavior\ShowPageTraceBehavior [ RunTime:0.001175s ]
INFO: [ app_end ] --END-- [ RunTime:0.001325s ]

[ 2017-11-01T11:21:40+08:00 ] 127.0.0.1 /index.php/Home/Article/zannums?art_id=24&zannum=1
INFO: [ app_begin ] --START--
INFO: Run Behavior\ReadHtmlCacheBehavior [ RunTime:0.000993s ]
INFO: [ app_begin ] --END-- [ RunTime:0.001663s ]
SQL: SHOW COLUMNS FROM `article` [ RunTime:0.0051s ]
SQL: UPDATE `article` SET `likes`='1' WHERE `art_id` = 24 [ RunTime:0.0612s ]
INFO: [ app_end ] --START--
INFO: Run Behavior\ShowPageTraceBehavior [ RunTime:0.000885s ]
INFO: [ app_end ] --END-- [ RunTime:0.000990s ]

[ 2017-11-01T11:21:41+08:00 ] 127.0.0.1 /index.php/Home/Article/zannums?art_id=24&zannum=0
INFO: [ app_begin ] --START--
INFO: Run Behavior\ReadHtmlCacheBehavior [ RunTime:0.000774s ]
INFO: [ app_begin ] --END-- [ RunTime:0.001513s ]
SQL: SHOW COLUMNS FROM `article` [ RunTime:0.0241s ]
SQL: UPDATE `article` SET `likes`='0' WHERE `art_id` = 24 [ RunTime:0.0652s ]
INFO: [ app_end ] --START--
INFO: Run Behavior\ShowPageTraceBehavior [ RunTime:0.000884s ]
INFO: [ app_end ] --END-- [ RunTime:0.000989s ]

[ 2017-11-01T11:21:41+08:00 ] 127.0.0.1 /index.php/Home/Article/zannums?art_id=24&zannum=1
INFO: [ app_begin ] --START--
INFO: Run Behavior\ReadHtmlCacheBehavior [ RunTime:0.000864s ]
INFO: [ app_begin ] --END-- [ RunTime:0.001362s ]
SQL: SHOW COLUMNS FROM `article` [ RunTime:0.0051s ]
SQL: UPDATE `article` SET `likes`='1' WHERE `art_id` = 24 [ RunTime:0.0266s ]
INFO: [ app_end ] --START--
INFO: Run Behavior\ShowPageTraceBehavior [ RunTime:0.000886s ]
INFO: [ app_end ] --END-- [ RunTime:0.000984s ]

[ 2017-11-01T11:21:45+08:00 ] 127.0.0.1 /index.php/Home/Article/zannums?art_id=23&zannum=3
INFO: [ app_begin ] --START--
INFO: Run Behavior\ReadHtmlCacheBehavior [ RunTime:0.000744s ]
INFO: [ app_begin ] --END-- [ RunTime:0.001196s ]
SQL: SHOW COLUMNS FROM `article` [ RunTime:0.0056s ]
SQL: UPDATE `article` SET `likes`='3' WHERE `art_id` = 23 [ RunTime:0.0471s ]
INFO: [ app_end ] --START--
INFO: Run Behavior\ShowPageTraceBehavior [ RunTime:0.000994s ]
INFO: [ app_end ] --END-- [ RunTime:0.001103s ]

[ 2017-11-01T11:21:47+08:00 ] 127.0.0.1 /index.php/Home/Article/zannums?art_id=23&zannum=2
INFO: [ app_begin ] --START--
INFO: Run Behavior\ReadHtmlCacheBehavior [ RunTime:0.000720s ]
INFO: [ app_begin ] --END-- [ RunTime:0.001201s ]
SQL: SHOW COLUMNS FROM `article` [ RunTime:0.0055s ]
SQL: UPDATE `article` SET `likes`='2' WHERE `art_id` = 23 [ RunTime:0.0876s ]
INFO: [ app_end ] --START--
INFO: Run Behavior\ShowPageTraceBehavior [ RunTime:0.000984s ]
INFO: [ app_end ] --END-- [ RunTime:0.001090s ]

[ 2017-11-01T11:21:50+08:00 ] 127.0.0.1 /index.php/Home/Article/zannums?art_id=23&zannum=3
INFO: [ app_begin ] --START--
INFO: Run Behavior\ReadHtmlCacheBehavior [ RunTime:0.000706s ]
INFO: [ app_begin ] --END-- [ RunTime:0.001249s ]
SQL: SHOW COLUMNS FROM `article` [ RunTime:0.0052s ]
SQL: UPDATE `article` SET `likes`='3' WHERE `art_id` = 23 [ RunTime:0.1140s ]
INFO: [ app_end ] --START--
INFO: Run Behavior\ShowPageTraceBehavior [ RunTime:0.001874s ]
INFO: [ app_end ] --END-- [ RunTime:0.002035s ]

[ 2017-11-01T11:21:53+08:00 ] 127.0.0.1 /index.php/Home/Article/zannums?art_id=23&zannum=4
INFO: [ app_begin ] --START--
INFO: Run Behavior\ReadHtmlCacheBehavior [ RunTime:0.000652s ]
INFO: [ app_begin ] --END-- [ RunTime:0.001089s ]
SQL: SHOW COLUMNS FROM `article` [ RunTime:0.0058s ]
SQL: UPDATE `article` SET `likes`='4' WHERE `art_id` = 23 [ RunTime:0.0503s ]
INFO: [ app_end ] --START--
INFO: Run Behavior\ShowPageTraceBehavior [ RunTime:0.000826s ]
INFO: [ app_end ] --END-- [ RunTime:0.000951s ]

[ 2017-11-01T11:21:56+08:00 ] 127.0.0.1 /index.php/Home/Article/zannums?art_id=23&zannum=5
INFO: [ app_begin ] --START--
INFO: Run Behavior\ReadHtmlCacheBehavior [ RunTime:0.000620s ]
INFO: [ app_begin ] --END-- [ RunTime:0.001122s ]
SQL: SHOW COLUMNS FROM `article` [ RunTime:0.0052s ]
SQL: UPDATE `article` SET `likes`='5' WHERE `art_id` = 23 [ RunTime:0.0327s ]
INFO: [ app_end ] --START--
INFO: Run Behavior\ShowPageTraceBehavior [ RunTime:0.001130s ]
INFO: [ app_end ] --END-- [ RunTime:0.001224s ]

[ 2017-11-01T11:22:15+08:00 ] 127.0.0.1 /index.php/Home/Article/zannums?art_id=24&zannum=2
INFO: [ app_begin ] --START--
INFO: Run Behavior\ReadHtmlCacheBehavior [ RunTime:0.001146s ]
INFO: [ app_begin ] --END-- [ RunTime:0.001747s ]
SQL: SHOW COLUMNS FROM `article` [ RunTime:0.0054s ]
SQL: UPDATE `article` SET `likes`='2' WHERE `art_id` = 24 [ RunTime:0.0588s ]
INFO: [ app_end ] --START--
INFO: Run Behavior\ShowPageTraceBehavior [ RunTime:0.001596s ]
INFO: [ app_end ] --END-- [ RunTime:0.001747s ]

[ 2017-11-01T11:22:16+08:00 ] 127.0.0.1 /index.php/Home/Article/zannums?art_id=24&zannum=1
INFO: [ app_begin ] --START--
INFO: Run Behavior\ReadHtmlCacheBehavior [ RunTime:0.000808s ]
INFO: [ app_begin ] --END-- [ RunTime:0.001406s ]
SQL: SHOW COLUMNS FROM `article` [ RunTime:0.0055s ]
SQL: UPDATE `article` SET `likes`='1' WHERE `art_id` = 24 [ RunTime:0.0595s ]
INFO: [ app_end ] --START--
INFO: Run Behavior\ShowPageTraceBehavior [ RunTime:0.001582s ]
INFO: [ app_end ] --END-- [ RunTime:0.001741s ]

[ 2017-11-01T11:22:17+08:00 ] 127.0.0.1 /index.php/Home/Article/zannums?art_id=24&zannum=2
INFO: [ app_begin ] --START--
INFO: Run Behavior\ReadHtmlCacheBehavior [ RunTime:0.000724s ]
INFO: [ app_begin ] --END-- [ RunTime:0.001331s ]
SQL: SHOW COLUMNS FROM `article` [ RunTime:0.0060s ]
SQL: UPDATE `article` SET `likes`='2' WHERE `art_id` = 24 [ RunTime:0.1212s ]
INFO: [ app_end ] --START--
INFO: Run Behavior\ShowPageTraceBehavior [ RunTime:0.001240s ]
INFO: [ app_end ] --END-- [ RunTime:0.001340s ]

[ 2017-11-01T11:22:17+08:00 ] 127.0.0.1 /index.php/Home/Article/zannums?art_id=24&zannum=1
INFO: [ app_begin ] --START--
INFO: Run Behavior\ReadHtmlCacheBehavior [ RunTime:0.000732s ]
INFO: [ app_begin ] --END-- [ RunTime:0.001322s ]
SQL: SHOW COLUMNS FROM `article` [ RunTime:0.0060s ]
SQL: UPDATE `article` SET `likes`='1' WHERE `art_id` = 24 [ RunTime:0.1131s ]
INFO: [ app_end ] --START--
INFO: Run Behavior\ShowPageTraceBehavior [ RunTime:0.001178s ]
INFO: [ app_end ] --END-- [ RunTime:0.001277s ]

[ 2017-11-01T11:22:18+08:00 ] 127.0.0.1 /index.php/Home/Article/zannums?art_id=24&zannum=2
INFO: [ app_begin ] --START--
INFO: Run Behavior\ReadHtmlCacheBehavior [ RunTime:0.000734s ]
INFO: [ app_begin ] --END-- [ RunTime:0.001293s ]
SQL: SHOW COLUMNS FROM `article` [ RunTime:0.0058s ]
SQL: UPDATE `article` SET `likes`='2' WHERE `art_id` = 24 [ RunTime:0.0578s ]
INFO: [ app_end ] --START--
INFO: Run Behavior\ShowPageTraceBehavior [ RunTime:0.001211s ]
INFO: [ app_end ] --END-- [ RunTime:0.001314s ]

[ 2017-11-01T11:22:21+08:00 ] 127.0.0.1 /index.php/Home/Article/zannums?art_id=24&zannum=3
INFO: [ app_begin ] --START--
INFO: Run Behavior\ReadHtmlCacheBehavior [ RunTime:0.001050s ]
INFO: [ app_begin ] --END-- [ RunTime:0.001670s ]
SQL: SHOW COLUMNS FROM `article` [ RunTime:0.0059s ]
SQL: UPDATE `article` SET `likes`='3' WHERE `art_id` = 24 [ RunTime:0.0918s ]
INFO: [ app_end ] --START--
INFO: Run Behavior\ShowPageTraceBehavior [ RunTime:0.000906s ]
INFO: [ app_end ] --END-- [ RunTime:0.001030s ]

[ 2017-11-01T11:22:22+08:00 ] 127.0.0.1 /index.php/Home/Article/zannums?art_id=24&zannum=2
INFO: [ app_begin ] --START--
INFO: Run Behavior\ReadHtmlCacheBehavior [ RunTime:0.000721s ]
INFO: [ app_begin ] --END-- [ RunTime:0.001200s ]
SQL: SHOW COLUMNS FROM `article` [ RunTime:0.0055s ]
SQL: UPDATE `article` SET `likes`='2' WHERE `art_id` = 24 [ RunTime:0.0595s ]
INFO: [ app_end ] --START--
INFO: Run Behavior\ShowPageTraceBehavior [ RunTime:0.000867s ]
INFO: [ app_end ] --END-- [ RunTime:0.000955s ]

[ 2017-11-01T11:47:41+08:00 ] 127.0.0.1 /index.php/Home/Index/category/cate_id/1.html
ERR: 1054:Unknown column 'cat_id' in 'where clause'
 [ SQL语句 ] : SELECT * FROM `category` WHERE ( cat_id = 1 ) LIMIT 1  

[ 2017-11-01T13:20:05+08:00 ] 127.0.0.1 /index.php/Home/Article/zannums?art_id=23&zannum=6
INFO: [ app_begin ] --START--
INFO: Run Behavior\ReadHtmlCacheBehavior [ RunTime:0.001158s ]
INFO: [ app_begin ] --END-- [ RunTime:0.001996s ]
SQL: SHOW COLUMNS FROM `article` [ RunTime:0.0056s ]
SQL: UPDATE `article` SET `likes`='6' WHERE `art_id` = 23 [ RunTime:0.0903s ]
INFO: [ app_end ] --START--
INFO: Run Behavior\ShowPageTraceBehavior [ RunTime:0.001499s ]
INFO: [ app_end ] --END-- [ RunTime:0.001632s ]

[ 2017-11-01T13:20:08+08:00 ] 127.0.0.1 /index.php/Home/Article/zannums?art_id=22&zannum=1
INFO: [ app_begin ] --START--
INFO: Run Behavior\ReadHtmlCacheBehavior [ RunTime:0.000770s ]
INFO: [ app_begin ] --END-- [ RunTime:0.001381s ]
SQL: SHOW COLUMNS FROM `article` [ RunTime:0.0063s ]
SQL: UPDATE `article` SET `likes`='1' WHERE `art_id` = 22 [ RunTime:0.0845s ]
INFO: [ app_end ] --START--
INFO: Run Behavior\ShowPageTraceBehavior [ RunTime:0.001694s ]
INFO: [ app_end ] --END-- [ RunTime:0.001838s ]

[ 2017-11-01T13:20:10+08:00 ] 127.0.0.1 /index.php/Home/Article/zannums?art_id=21&zannum=1
INFO: [ app_begin ] --START--
INFO: Run Behavior\ReadHtmlCacheBehavior [ RunTime:0.000731s ]
INFO: [ app_begin ] --END-- [ RunTime:0.001252s ]
SQL: SHOW COLUMNS FROM `article` [ RunTime:0.0063s ]
SQL: UPDATE `article` SET `likes`='1' WHERE `art_id` = 21 [ RunTime:0.0797s ]
INFO: [ app_end ] --START--
INFO: Run Behavior\ShowPageTraceBehavior [ RunTime:0.001222s ]
INFO: [ app_end ] --END-- [ RunTime:0.001333s ]

[ 2017-11-01T13:20:16+08:00 ] 127.0.0.1 /index.php/Home/Article/zannums?art_id=26&zannum=1
INFO: [ app_begin ] --START--
INFO: Run Behavior\ReadHtmlCacheBehavior [ RunTime:0.000818s ]
INFO: [ app_begin ] --END-- [ RunTime:0.001695s ]
SQL: SHOW COLUMNS FROM `article` [ RunTime:0.0062s ]
SQL: UPDATE `article` SET `likes`='1' WHERE `art_id` = 26 [ RunTime:0.0862s ]
INFO: [ app_end ] --START--
INFO: Run Behavior\ShowPageTraceBehavior [ RunTime:0.001566s ]
INFO: [ app_end ] --END-- [ RunTime:0.001687s ]

[ 2017-11-01T13:20:18+08:00 ] 127.0.0.1 /index.php/Home/Article/zannums?art_id=25&zannum=1
INFO: [ app_begin ] --START--
INFO: Run Behavior\ReadHtmlCacheBehavior [ RunTime:0.000739s ]
INFO: [ app_begin ] --END-- [ RunTime:0.001331s ]
SQL: SHOW COLUMNS FROM `article` [ RunTime:0.0056s ]
SQL: UPDATE `article` SET `likes`='1' WHERE `art_id` = 25 [ RunTime:0.0911s ]
INFO: [ app_end ] --START--
INFO: Run Behavior\ShowPageTraceBehavior [ RunTime:0.001451s ]
INFO: [ app_end ] --END-- [ RunTime:0.001553s ]

[ 2017-11-01T13:29:06+08:00 ] 127.0.0.1 /index.php/Home/article/zannum
ERR: 非法操作:zannum

[ 2017-11-01T13:43:25+08:00 ] 127.0.0.1 /index.php/Home/Article/zannums?art_id=26&zannum=2
INFO: [ app_begin ] --START--
INFO: Run Behavior\ReadHtmlCacheBehavior [ RunTime:0.000613s ]
INFO: [ app_begin ] --END-- [ RunTime:0.000981s ]
SQL: SHOW COLUMNS FROM `article` [ RunTime:0.0242s ]
SQL: UPDATE `article` SET `likes`='2' WHERE `art_id` = 26 [ RunTime:0.0594s ]
INFO: [ app_end ] --START--
INFO: Run Behavior\ShowPageTraceBehavior [ RunTime:0.001975s ]
INFO: [ app_end ] --END-- [ RunTime:0.002140s ]

[ 2017-11-01T13:43:26+08:00 ] 127.0.0.1 /index.php/Home/Article/zannums?art_id=26&zannum=1
INFO: [ app_begin ] --START--
INFO: Run Behavior\ReadHtmlCacheBehavior [ RunTime:0.000675s ]
INFO: [ app_begin ] --END-- [ RunTime:0.001142s ]
SQL: SHOW COLUMNS FROM `article` [ RunTime:0.0243s ]
SQL: UPDATE `article` SET `likes`='1' WHERE `art_id` = 26 [ RunTime:0.0535s ]
INFO: [ app_end ] --START--
INFO: Run Behavior\ShowPageTraceBehavior [ RunTime:0.001640s ]
INFO: [ app_end ] --END-- [ RunTime:0.001794s ]

[ 2017-11-01T13:43:28+08:00 ] 127.0.0.1 /index.php/Home/Article/zannums?art_id=26&zannum=2
INFO: [ app_begin ] --START--
INFO: Run Behavior\ReadHtmlCacheBehavior [ RunTime:0.001106s ]
INFO: [ app_begin ] --END-- [ RunTime:0.001623s ]
SQL: SHOW COLUMNS FROM `article` [ RunTime:0.0062s ]
SQL: UPDATE `article` SET `likes`='2' WHERE `art_id` = 26 [ RunTime:0.0719s ]
INFO: [ app_end ] --START--
INFO: Run Behavior\ShowPageTraceBehavior [ RunTime:0.001160s ]
INFO: [ app_end ] --END-- [ RunTime:0.001250s ]

[ 2017-11-01T13:43:38+08:00 ] 127.0.0.1 /index.php/Home/Article/zannums?art_id=25&zannum=2
INFO: [ app_begin ] --START--
INFO: Run Behavior\ReadHtmlCacheBehavior [ RunTime:0.001018s ]
INFO: [ app_begin ] --END-- [ RunTime:0.001646s ]
SQL: SHOW COLUMNS FROM `article` [ RunTime:0.0244s ]
SQL: UPDATE `article` SET `likes`='2' WHERE `art_id` = 25 [ RunTime:0.0614s ]
INFO: [ app_end ] --START--
INFO: Run Behavior\ShowPageTraceBehavior [ RunTime:0.001597s ]
INFO: [ app_end ] --END-- [ RunTime:0.001751s ]

[ 2017-11-01T13:43:39+08:00 ] 127.0.0.1 /index.php/Home/Article/zannums?art_id=25&zannum=1
INFO: [ app_begin ] --START--
INFO: Run Behavior\ReadHtmlCacheBehavior [ RunTime:0.000729s ]
INFO: [ app_begin ] --END-- [ RunTime:0.001200s ]
SQL: SHOW COLUMNS FROM `article` [ RunTime:0.0063s ]
SQL: UPDATE `article` SET `likes`='1' WHERE `art_id` = 25 [ RunTime:0.0456s ]
INFO: [ app_end ] --START--
INFO: Run Behavior\ShowPageTraceBehavior [ RunTime:0.001723s ]
INFO: [ app_end ] --END-- [ RunTime:0.001876s ]

[ 2017-11-01T13:43:42+08:00 ] 127.0.0.1 /index.php/Home/Article/zannums?art_id=25&zannum=2
INFO: [ app_begin ] --START--
INFO: Run Behavior\ReadHtmlCacheBehavior [ RunTime:0.001011s ]
INFO: [ app_begin ] --END-- [ RunTime:0.001656s ]
SQL: SHOW COLUMNS FROM `article` [ RunTime:0.0053s ]
SQL: UPDATE `article` SET `likes`='2' WHERE `art_id` = 25 [ RunTime:0.0941s ]
INFO: [ app_end ] --START--
INFO: Run Behavior\ShowPageTraceBehavior [ RunTime:0.001207s ]
INFO: [ app_end ] --END-- [ RunTime:0.001304s ]

[ 2017-11-01T13:45:12+08:00 ] 127.0.0.1 /index.php/Home/Article/zannums?art_id=25&zannum=3
INFO: [ app_begin ] --START--
INFO: Run Behavior\ReadHtmlCacheBehavior [ RunTime:0.000745s ]
INFO: [ app_begin ] --END-- [ RunTime:0.001404s ]
SQL: SHOW COLUMNS FROM `article` [ RunTime:0.0059s ]
SQL: UPDATE `article` SET `likes`='3' WHERE `art_id` = 25 [ RunTime:0.0372s ]
INFO: [ app_end ] --START--
INFO: Run Behavior\ShowPageTraceBehavior [ RunTime:0.001208s ]
INFO: [ app_end ] --END-- [ RunTime:0.001300s ]

[ 2017-11-01T13:45:13+08:00 ] 127.0.0.1 /index.php/Home/Article/zannums?art_id=25&zannum=2
INFO: [ app_begin ] --START--
INFO: Run Behavior\ReadHtmlCacheBehavior [ RunTime:0.001111s ]
INFO: [ app_begin ] --END-- [ RunTime:0.001891s ]
SQL: SHOW COLUMNS FROM `article` [ RunTime:0.0068s ]
SQL: UPDATE `article` SET `likes`='2' WHERE `art_id` = 25 [ RunTime:0.0385s ]
INFO: [ app_end ] --START--
INFO: Run Behavior\ShowPageTraceBehavior [ RunTime:0.001744s ]
INFO: [ app_end ] --END-- [ RunTime:0.001893s ]

[ 2017-11-01T13:45:14+08:00 ] 127.0.0.1 /index.php/Home/Article/zannums?art_id=25&zannum=3
INFO: [ app_begin ] --START--
INFO: Run Behavior\ReadHtmlCacheBehavior [ RunTime:0.000716s ]
INFO: [ app_begin ] --END-- [ RunTime:0.001317s ]
SQL: SHOW COLUMNS FROM `article` [ RunTime:0.0056s ]
SQL: UPDATE `article` SET `likes`='3' WHERE `art_id` = 25 [ RunTime:0.0727s ]
INFO: [ app_end ] --START--
INFO: Run Behavior\ShowPageTraceBehavior [ RunTime:0.001370s ]
INFO: [ app_end ] --END-- [ RunTime:0.001460s ]

[ 2017-11-01T13:45:19+08:00 ] 127.0.0.1 /index.php/Home/Article/zannums?art_id=25&zannum=2
INFO: [ app_begin ] --START--
INFO: Run Behavior\ReadHtmlCacheBehavior [ RunTime:0.000737s ]
INFO: [ app_begin ] --END-- [ RunTime:0.001517s ]
SQL: SHOW COLUMNS FROM `article` [ RunTime:0.0059s ]
SQL: UPDATE `article` SET `likes`='2' WHERE `art_id` = 25 [ RunTime:0.0446s ]
INFO: [ app_end ] --START--
INFO: Run Behavior\ShowPageTraceBehavior [ RunTime:0.001432s ]
INFO: [ app_end ] --END-- [ RunTime:0.001573s ]

[ 2017-11-01T13:46:18+08:00 ] 127.0.0.1 /index.php/Home/Article/zannums?art_id=25&zannum=3
INFO: [ app_begin ] --START--
INFO: Run Behavior\ReadHtmlCacheBehavior [ RunTime:0.001040s ]
INFO: [ app_begin ] --END-- [ RunTime:0.001839s ]
SQL: SHOW COLUMNS FROM `article` [ RunTime:0.0051s ]
SQL: UPDATE `article` SET `likes`='3' WHERE `art_id` = 25 [ RunTime:0.0336s ]
INFO: [ app_end ] --START--
INFO: Run Behavior\ShowPageTraceBehavior [ RunTime:0.001618s ]
INFO: [ app_end ] --END-- [ RunTime:0.001758s ]

[ 2017-11-01T13:46:19+08:00 ] 127.0.0.1 /index.php/Home/Article/zannums?art_id=25&zannum=2
INFO: [ app_begin ] --START--
INFO: Run Behavior\ReadHtmlCacheBehavior [ RunTime:0.000719s ]
INFO: [ app_begin ] --END-- [ RunTime:0.001300s ]
SQL: SHOW COLUMNS FROM `article` [ RunTime:0.0059s ]
SQL: UPDATE `article` SET `likes`='2' WHERE `art_id` = 25 [ RunTime:0.0657s ]
INFO: [ app_end ] --START--
INFO: Run Behavior\ShowPageTraceBehavior [ RunTime:0.001729s ]
INFO: [ app_end ] --END-- [ RunTime:0.001887s ]

[ 2017-11-01T13:46:20+08:00 ] 127.0.0.1 /index.php/Home/Article/zannums?art_id=25&zannum=3
INFO: [ app_begin ] --START--
INFO: Run Behavior\ReadHtmlCacheBehavior [ RunTime:0.000717s ]
INFO: [ app_begin ] --END-- [ RunTime:0.001281s ]
SQL: SHOW COLUMNS FROM `article` [ RunTime:0.0480s ]
SQL: UPDATE `article` SET `likes`='3' WHERE `art_id` = 25 [ RunTime:0.0469s ]
INFO: [ app_end ] --START--
INFO: Run Behavior\ShowPageTraceBehavior [ RunTime:0.001396s ]
INFO: [ app_end ] --END-- [ RunTime:0.001517s ]

[ 2017-11-01T13:46:22+08:00 ] 127.0.0.1 /index.php/Home/Article/zannums?art_id=25&zannum=2
INFO: [ app_begin ] --START--
INFO: Run Behavior\ReadHtmlCacheBehavior [ RunTime:0.000855s ]
INFO: [ app_begin ] --END-- [ RunTime:0.001624s ]
SQL: SHOW COLUMNS FROM `article` [ RunTime:0.0241s ]
SQL: UPDATE `article` SET `likes`='2' WHERE `art_id` = 25 [ RunTime:0.0570s ]
INFO: [ app_end ] --START--
INFO: Run Behavior\ShowPageTraceBehavior [ RunTime:0.001579s ]
INFO: [ app_end ] --END-- [ RunTime:0.001720s ]

[ 2017-11-01T14:08:43+08:00 ] 127.0.0.1 /index.php/Home/Article/zannums?art_id=24&zannum=3
INFO: [ app_begin ] --START--
INFO: Run Behavior\ReadHtmlCacheBehavior [ RunTime:0.000744s ]
INFO: [ app_begin ] --END-- [ RunTime:0.001324s ]
SQL: SHOW COLUMNS FROM `article` [ RunTime:0.0063s ]
SQL: UPDATE `article` SET `likes`='3' WHERE `art_id` = 24 [ RunTime:0.0592s ]
INFO: [ app_end ] --START--
INFO: Run Behavior\ShowPageTraceBehavior [ RunTime:0.001585s ]
INFO: [ app_end ] --END-- [ RunTime:0.001706s ]

[ 2017-11-01T14:08:44+08:00 ] 127.0.0.1 /index.php/Home/Article/zannums?art_id=24&zannum=2
INFO: [ app_begin ] --START--
INFO: Run Behavior\ReadHtmlCacheBehavior [ RunTime:0.000833s ]
INFO: [ app_begin ] --END-- [ RunTime:0.001435s ]
SQL: SHOW COLUMNS FROM `article` [ RunTime:0.0063s ]
SQL: UPDATE `article` SET `likes`='2' WHERE `art_id` = 24 [ RunTime:0.0254s ]
INFO: [ app_end ] --START--
INFO: Run Behavior\ShowPageTraceBehavior [ RunTime:0.001180s ]
INFO: [ app_end ] --END-- [ RunTime:0.001275s ]

[ 2017-11-01T14:08:45+08:00 ] 127.0.0.1 /index.php/Home/Article/zannums?art_id=24&zannum=3
INFO: [ app_begin ] --START--
INFO: Run Behavior\ReadHtmlCacheBehavior [ RunTime:0.000766s ]
INFO: [ app_begin ] --END-- [ RunTime:0.001386s ]
SQL: SHOW COLUMNS FROM `article` [ RunTime:0.0248s ]
SQL: UPDATE `article` SET `likes`='3' WHERE `art_id` = 24 [ RunTime:0.0790s ]
INFO: [ app_end ] --START--
INFO: Run Behavior\ShowPageTraceBehavior [ RunTime:0.001195s ]
INFO: [ app_end ] --END-- [ RunTime:0.001290s ]

[ 2017-11-01T14:08:46+08:00 ] 127.0.0.1 /index.php/Home/Article/zannums?art_id=24&zannum=2
INFO: [ app_begin ] --START--
INFO: Run Behavior\ReadHtmlCacheBehavior [ RunTime:0.000758s ]
INFO: [ app_begin ] --END-- [ RunTime:0.001456s ]
SQL: SHOW COLUMNS FROM `article` [ RunTime:0.0068s ]
SQL: UPDATE `article` SET `likes`='2' WHERE `art_id` = 24 [ RunTime:0.0347s ]
INFO: [ app_end ] --START--
INFO: Run Behavior\ShowPageTraceBehavior [ RunTime:0.001587s ]
INFO: [ app_end ] --END-- [ RunTime:0.001736s ]

[ 2017-11-01T14:08:47+08:00 ] 127.0.0.1 /index.php/Home/Article/zannums?art_id=24&zannum=3
INFO: [ app_begin ] --START--
INFO: Run Behavior\ReadHtmlCacheBehavior [ RunTime:0.000892s ]
INFO: [ app_begin ] --END-- [ RunTime:0.001702s ]
SQL: SHOW COLUMNS FROM `article` [ RunTime:0.0064s ]
SQL: UPDATE `article` SET `likes`='3' WHERE `art_id` = 24 [ RunTime:0.0192s ]
INFO: [ app_end ] --START--
INFO: Run Behavior\ShowPageTraceBehavior [ RunTime:0.001644s ]
INFO: [ app_end ] --END-- [ RunTime:0.001762s ]

[ 2017-11-01T14:08:54+08:00 ] 127.0.0.1 /index.php/Home/Article/zannums?art_id=24&zannum=2
INFO: [ app_begin ] --START--
INFO: Run Behavior\ReadHtmlCacheBehavior [ RunTime:0.001219s ]
INFO: [ app_begin ] --END-- [ RunTime:0.002160s ]
SQL: SHOW COLUMNS FROM `article` [ RunTime:0.0066s ]
SQL: UPDATE `article` SET `likes`='2' WHERE `art_id` = 24 [ RunTime:0.1525s ]
INFO: [ app_end ] --START--
INFO: Run Behavior\ShowPageTraceBehavior [ RunTime:0.001410s ]
INFO: [ app_end ] --END-- [ RunTime:0.001507s ]

[ 2017-11-01T14:08:57+08:00 ] 127.0.0.1 /index.php/Home/Article/zannums?art_id=24&zannum=3
INFO: [ app_begin ] --START--
INFO: Run Behavior\ReadHtmlCacheBehavior [ RunTime:0.000720s ]
INFO: [ app_begin ] --END-- [ RunTime:0.001303s ]
SQL: SHOW COLUMNS FROM `article` [ RunTime:0.0249s ]
SQL: UPDATE `article` SET `likes`='3' WHERE `art_id` = 24 [ RunTime:0.0526s ]
INFO: [ app_end ] --START--
INFO: Run Behavior\ShowPageTraceBehavior [ RunTime:0.001193s ]
INFO: [ app_end ] --END-- [ RunTime:0.001296s ]

[ 2017-11-01T14:10:09+08:00 ] 127.0.0.1 /index.php/Home/Article/zannums?art_id=24&zannum=4
INFO: [ app_begin ] --START--
INFO: Run Behavior\ReadHtmlCacheBehavior [ RunTime:0.000984s ]
INFO: [ app_begin ] --END-- [ RunTime:0.001585s ]
SQL: SHOW COLUMNS FROM `article` [ RunTime:0.0057s ]
SQL: UPDATE `article` SET `likes`='4' WHERE `art_id` = 24 [ RunTime:0.0954s ]
INFO: [ app_end ] --START--
INFO: Run Behavior\ShowPageTraceBehavior [ RunTime:0.001151s ]
INFO: [ app_end ] --END-- [ RunTime:0.001289s ]

[ 2017-11-01T14:14:29+08:00 ] 127.0.0.1 /index.php/Home/Article/zannums?art_id=24&zannum=5
INFO: [ app_begin ] --START--
INFO: Run Behavior\ReadHtmlCacheBehavior [ RunTime:0.002195s ]
INFO: [ app_begin ] --END-- [ RunTime:0.003142s ]
SQL: SHOW COLUMNS FROM `article` [ RunTime:0.0066s ]
SQL: UPDATE `article` SET `likes`='5' WHERE `art_id` = 24 [ RunTime:0.0606s ]
INFO: [ app_end ] --START--
INFO: Run Behavior\ShowPageTraceBehavior [ RunTime:0.002170s ]
INFO: [ app_end ] --END-- [ RunTime:0.002333s ]

[ 2017-11-01T14:14:30+08:00 ] 127.0.0.1 /index.php/Home/Article/zannums?art_id=24&zannum=4
INFO: [ app_begin ] --START--
INFO: Run Behavior\ReadHtmlCacheBehavior [ RunTime:0.002035s ]
INFO: [ app_begin ] --END-- [ RunTime:0.002843s ]
SQL: SHOW COLUMNS FROM `article` [ RunTime:0.0075s ]
SQL: UPDATE `article` SET `likes`='4' WHERE `art_id` = 24 [ RunTime:0.0752s ]
INFO: [ app_end ] --START--
INFO: Run Behavior\ShowPageTraceBehavior [ RunTime:0.001515s ]
INFO: [ app_end ] --END-- [ RunTime:0.001627s ]

[ 2017-11-01T14:14:30+08:00 ] 127.0.0.1 /index.php/Home/Article/zannums?art_id=24&zannum=5
INFO: [ app_begin ] --START--
INFO: Run Behavior\ReadHtmlCacheBehavior [ RunTime:0.001485s ]
INFO: [ app_begin ] --END-- [ RunTime:0.002170s ]
SQL: SHOW COLUMNS FROM `article` [ RunTime:0.0061s ]
SQL: UPDATE `article` SET `likes`='5' WHERE `art_id` = 24 [ RunTime:0.1149s ]
INFO: [ app_end ] --START--
INFO: Run Behavior\ShowPageTraceBehavior [ RunTime:0.001571s ]
INFO: [ app_end ] --END-- [ RunTime:0.001664s ]

[ 2017-11-01T14:14:31+08:00 ] 127.0.0.1 /index.php/Home/Article/zannums?art_id=24&zannum=4
INFO: [ app_begin ] --START--
INFO: Run Behavior\ReadHtmlCacheBehavior [ RunTime:0.001792s ]
INFO: [ app_begin ] --END-- [ RunTime:0.002387s ]
SQL: SHOW COLUMNS FROM `article` [ RunTime:0.0243s ]
SQL: UPDATE `article` SET `likes`='4' WHERE `art_id` = 24 [ RunTime:0.0815s ]
INFO: [ app_end ] --START--
INFO: Run Behavior\ShowPageTraceBehavior [ RunTime:0.001510s ]
INFO: [ app_end ] --END-- [ RunTime:0.001606s ]

[ 2017-11-01T14:14:32+08:00 ] 127.0.0.1 /index.php/Home/Article/zannums?art_id=24&zannum=5
INFO: [ app_begin ] --START--
INFO: Run Behavior\ReadHtmlCacheBehavior [ RunTime:0.001455s ]
INFO: [ app_begin ] --END-- [ RunTime:0.002003s ]
SQL: SHOW COLUMNS FROM `article` [ RunTime:0.0069s ]
SQL: UPDATE `article` SET `likes`='5' WHERE `art_id` = 24 [ RunTime:0.0735s ]
INFO: [ app_end ] --START--
INFO: Run Behavior\ShowPageTraceBehavior [ RunTime:0.001702s ]
INFO: [ app_end ] --END-- [ RunTime:0.001840s ]

[ 2017-11-01T14:14:33+08:00 ] 127.0.0.1 /index.php/Home/Article/zannums?art_id=24&zannum=4
INFO: [ app_begin ] --START--
INFO: Run Behavior\ReadHtmlCacheBehavior [ RunTime:0.001448s ]
INFO: [ app_begin ] --END-- [ RunTime:0.002035s ]
SQL: SHOW COLUMNS FROM `article` [ RunTime:0.0246s ]
SQL: UPDATE `article` SET `likes`='4' WHERE `art_id` = 24 [ RunTime:0.0519s ]
INFO: [ app_end ] --START--
INFO: Run Behavior\ShowPageTraceBehavior [ RunTime:0.001515s ]
INFO: [ app_end ] --END-- [ RunTime:0.001612s ]

[ 2017-11-01T14:14:33+08:00 ] 127.0.0.1 /index.php/Home/Article/zannums?art_id=24&zannum=5
INFO: [ app_begin ] --START--
INFO: Run Behavior\ReadHtmlCacheBehavior [ RunTime:0.001602s ]
INFO: [ app_begin ] --END-- [ RunTime:0.002336s ]
SQL: SHOW COLUMNS FROM `article` [ RunTime:0.0246s ]
SQL: UPDATE `article` SET `likes`='5' WHERE `art_id` = 24 [ RunTime:0.0488s ]
INFO: [ app_end ] --START--
INFO: Run Behavior\ShowPageTraceBehavior [ RunTime:0.001531s ]
INFO: [ app_end ] --END-- [ RunTime:0.001633s ]

[ 2017-11-01T14:14:34+08:00 ] 127.0.0.1 /index.php/Home/Article/zannums?art_id=24&zannum=4
INFO: [ app_begin ] --START--
INFO: Run Behavior\ReadHtmlCacheBehavior [ RunTime:0.001443s ]
INFO: [ app_begin ] --END-- [ RunTime:0.002023s ]
SQL: SHOW COLUMNS FROM `article` [ RunTime:0.0057s ]
SQL: UPDATE `article` SET `likes`='4' WHERE `art_id` = 24 [ RunTime:0.1354s ]
INFO: [ app_end ] --START--
INFO: Run Behavior\ShowPageTraceBehavior [ RunTime:0.002320s ]
INFO: [ app_end ] --END-- [ RunTime:0.002478s ]

[ 2017-11-01T14:14:38+08:00 ] 127.0.0.1 /index.php/Home/Article/zannums?art_id=24&zannum=5
INFO: [ app_begin ] --START--
INFO: Run Behavior\ReadHtmlCacheBehavior [ RunTime:0.001508s ]
INFO: [ app_begin ] --END-- [ RunTime:0.002265s ]
SQL: SHOW COLUMNS FROM `article` [ RunTime:0.0064s ]
SQL: UPDATE `article` SET `likes`='5' WHERE `art_id` = 24 [ RunTime:0.0706s ]
INFO: [ app_end ] --START--
INFO: Run Behavior\ShowPageTraceBehavior [ RunTime:0.002051s ]
INFO: [ app_end ] --END-- [ RunTime:0.002190s ]

[ 2017-11-01T14:14:40+08:00 ] 127.0.0.1 /index.php/Home/Article/zannums?art_id=24&zannum=4
INFO: [ app_begin ] --START--
INFO: Run Behavior\ReadHtmlCacheBehavior [ RunTime:0.001657s ]
INFO: [ app_begin ] --END-- [ RunTime:0.002223s ]
SQL: SHOW COLUMNS FROM `article` [ RunTime:0.0063s ]
SQL: UPDATE `article` SET `likes`='4' WHERE `art_id` = 24 [ RunTime:0.0779s ]
INFO: [ app_end ] --START--
INFO: Run Behavior\ShowPageTraceBehavior [ RunTime:0.002034s ]
INFO: [ app_end ] --END-- [ RunTime:0.002188s ]

[ 2017-11-01T14:14:41+08:00 ] 127.0.0.1 /index.php/Home/Article/zannums?art_id=24&zannum=5
INFO: [ app_begin ] --START--
INFO: Run Behavior\ReadHtmlCacheBehavior [ RunTime:0.001430s ]
INFO: [ app_begin ] --END-- [ RunTime:0.002026s ]
SQL: SHOW COLUMNS FROM `article` [ RunTime:0.0058s ]
SQL: UPDATE `article` SET `likes`='5' WHERE `art_id` = 24 [ RunTime:0.0612s ]
INFO: [ app_end ] --START--
INFO: Run Behavior\ShowPageTraceBehavior [ RunTime:0.001491s ]
INFO: [ app_end ] --END-- [ RunTime:0.001582s ]

[ 2017-11-01T14:14:42+08:00 ] 127.0.0.1 /index.php/Home/Article/zannums?art_id=24&zannum=4
INFO: [ app_begin ] --START--
INFO: Run Behavior\ReadHtmlCacheBehavior [ RunTime:0.001398s ]
INFO: [ app_begin ] --END-- [ RunTime:0.002001s ]
SQL: SHOW COLUMNS FROM `article` [ RunTime:0.0063s ]
SQL: UPDATE `article` SET `likes`='4' WHERE `art_id` = 24 [ RunTime:0.1539s ]
INFO: [ app_end ] --START--
INFO: Run Behavior\ShowPageTraceBehavior [ RunTime:0.001517s ]
INFO: [ app_end ] --END-- [ RunTime:0.001634s ]

[ 2017-11-01T14:14:46+08:00 ] 127.0.0.1 /index.php/Home/Article/zannums?art_id=24&zannum=5
INFO: [ app_begin ] --START--
INFO: Run Behavior\ReadHtmlCacheBehavior [ RunTime:0.001452s ]
INFO: [ app_begin ] --END-- [ RunTime:0.002018s ]
SQL: SHOW COLUMNS FROM `article` [ RunTime:0.0253s ]
SQL: UPDATE `article` SET `likes`='5' WHERE `art_id` = 24 [ RunTime:0.0795s ]
INFO: [ app_end ] --START--
INFO: Run Behavior\ShowPageTraceBehavior [ RunTime:0.001868s ]
INFO: [ app_end ] --END-- [ RunTime:0.001973s ]

[ 2017-11-01T14:14:47+08:00 ] 127.0.0.1 /index.php/Home/Article/zannums?art_id=24&zannum=4
INFO: [ app_begin ] --START--
INFO: Run Behavior\ReadHtmlCacheBehavior [ RunTime:0.001572s ]
INFO: [ app_begin ] --END-- [ RunTime:0.002353s ]
SQL: SHOW COLUMNS FROM `article` [ RunTime:0.0243s ]
SQL: UPDATE `article` SET `likes`='4' WHERE `art_id` = 24 [ RunTime:0.0488s ]
INFO: [ app_end ] --START--
INFO: Run Behavior\ShowPageTraceBehavior [ RunTime:0.001532s ]
INFO: [ app_end ] --END-- [ RunTime:0.001629s ]

[ 2017-11-01T17:09:08+08:00 ] 127.0.0.1 /index.php/Home/Public/search.html
ERR: 非法操作:search

[ 2017-11-01T17:19:28+08:00 ] 127.0.0.1 /index.php/Home/Public/search.html
ERR: 非法操作:search

[ 2017-11-01T17:28:55+08:00 ] 127.0.0.1 /index.php/Home/Article/captcha
ERR: 非法操作:captcha

[ 2017-11-01T17:29:33+08:00 ] 127.0.0.1 /index.php/Home/Article/captcha
ERR: 非法操作:captcha

[ 2017-11-01T17:32:13+08:00 ] 127.0.0.1 /index.php/Home/Article/captcha
ERR: 非法操作:captcha

[ 2017-11-01T17:32:32+08:00 ] 127.0.0.1 /index.php/Home/Article/captcha
ERR: 非法操作:captcha

[ 2017-11-01T17:33:32+08:00 ] 127.0.0.1 /index.php/Home/Article/captcha
ERR: 非法操作:captcha

[ 2017-11-01T17:34:10+08:00 ] 127.0.0.1 /index.php/Home/Article/captcha
ERR: 非法操作:captcha

[ 2017-11-01T17:34:11+08:00 ] 127.0.0.1 /index.php/Home/Article/captcha
ERR: 非法操作:captcha

[ 2017-11-01T17:53:38+08:00 ] 127.0.0.1 /index.php/Home/Article/captcha
ERR: 非法操作:captcha

[ 2017-11-01T17:53:41+08:00 ] 127.0.0.1 /index.php/Home/Article/captcha
ERR: 非法操作:captcha

[ 2017-11-01T17:53:41+08:00 ] 127.0.0.1 /index.php/Home/Article/captcha
ERR: 非法操作:captcha

[ 2017-11-01T17:53:42+08:00 ] 127.0.0.1 /index.php/Home/Article/captcha
ERR: 非法操作:captcha

[ 2017-11-01T17:53:42+08:00 ] 127.0.0.1 /index.php/Home/Article/captcha
ERR: 非法操作:captcha

[ 2017-11-01T17:53:42+08:00 ] 127.0.0.1 /index.php/Home/Article/captcha
ERR: 非法操作:captcha

[ 2017-11-01T17:53:43+08:00 ] 127.0.0.1 /index.php/Home/Article/captcha
ERR: 非法操作:captcha

[ 2017-11-01T17:53:43+08:00 ] 127.0.0.1 /index.php/Home/Article/captcha
ERR: 非法操作:captcha

[ 2017-11-01T17:53:44+08:00 ] 127.0.0.1 /index.php/Home/Article/captcha
ERR: 非法操作:captcha

[ 2017-11-01T17:53:44+08:00 ] 127.0.0.1 /index.php/Home/Article/captcha
ERR: 非法操作:captcha

[ 2017-11-01T17:54:01+08:00 ] 127.0.0.1 /index.php/Home/Article/captcha
ERR: 非法操作:captcha

[ 2017-11-01T17:56:21+08:00 ] 127.0.0.1 /index.php/Home/Article/captcha
ERR: 非法操作:captcha

[ 2017-11-01T17:57:52+08:00 ] 127.0.0.1 /index.php/Home/Article/captcha
ERR: 非法操作:captcha

[ 2017-11-01T18:00:22+08:00 ] 127.0.0.1 /index.php/Home/Article/captcha
ERR: 非法操作:captcha

[ 2017-11-01T18:00:28+08:00 ] 127.0.0.1 /index.php/Home/Article/captcha
ERR: 非法操作:captcha

[ 2017-11-01T18:00:28+08:00 ] 127.0.0.1 /index.php/Home/Article/captcha
ERR: 非法操作:captcha

[ 2017-11-01T18:00:29+08:00 ] 127.0.0.1 /index.php/Home/Article/captcha
ERR: 非法操作:captcha

[ 2017-11-01T18:00:29+08:00 ] 127.0.0.1 /index.php/Home/Article/captcha
ERR: 非法操作:captcha

[ 2017-11-01T18:00:29+08:00 ] 127.0.0.1 /index.php/Home/Article/captcha
ERR: 非法操作:captcha

[ 2017-11-01T18:00:30+08:00 ] 127.0.0.1 /index.php/Home/Article/captcha
ERR: 非法操作:captcha

[ 2017-11-01T18:00:30+08:00 ] 127.0.0.1 /index.php/Home/Article/captcha
ERR: 非法操作:captcha

[ 2017-11-01T18:00:30+08:00 ] 127.0.0.1 /index.php/Home/Article/captcha
ERR: 非法操作:captcha

[ 2017-11-01T18:00:30+08:00 ] 127.0.0.1 /index.php/Home/Article/captcha
ERR: 非法操作:captcha

[ 2017-11-01T18:00:31+08:00 ] 127.0.0.1 /index.php/Home/Article/captcha
ERR: 非法操作:captcha

[ 2017-11-01T18:00:32+08:00 ] 127.0.0.1 /index.php/Home/Article/captcha
ERR: 非法操作:captcha

[ 2017-11-01T18:02:11+08:00 ] 127.0.0.1 /index.php/Home/Article/captcha
ERR: 非法操作:captcha

[ 2017-11-01T18:02:13+08:00 ] 127.0.0.1 /index.php/Home/Article/captcha
ERR: 非法操作:captcha

[ 2017-11-01T18:02:13+08:00 ] 127.0.0.1 /index.php/Home/Article/captcha
ERR: 非法操作:captcha

[ 2017-11-01T18:03:54+08:00 ] 127.0.0.1 /index.php/Home/Article/captcha
ERR: 非法操作:captcha

[ 2017-11-01T18:03:55+08:00 ] 127.0.0.1 /index.php/Home/Article/captcha
ERR: 非法操作:captcha

[ 2017-11-01T18:03:55+08:00 ] 127.0.0.1 /index.php/Home/Article/captcha
ERR: 非法操作:captcha

[ 2017-11-01T18:03:55+08:00 ] 127.0.0.1 /index.php/Home/Article/captcha
ERR: 非法操作:captcha

[ 2017-11-01T18:03:56+08:00 ] 127.0.0.1 /index.php/Home/Article/captcha
ERR: 非法操作:captcha

[ 2017-11-01T18:03:57+08:00 ] 127.0.0.1 /index.php/Home/Article/captcha
ERR: 非法操作:captcha

[ 2017-11-01T18:03:57+08:00 ] 127.0.0.1 /index.php/Home/Article/captcha
ERR: 非法操作:captcha

[ 2017-11-01T18:05:45+08:00 ] 127.0.0.1 /index.php/Home/Article/captcha
ERR: 非法操作:captcha

[ 2017-11-01T18:18:50+08:00 ] 127.0.0.1 /index.php/Home/Article/captcha
ERR: 非法操作:captcha

[ 2017-11-01T18:19:00+08:00 ] 127.0.0.1 /index.php/Home/Article/captcha
ERR: 非法操作:captcha

[ 2017-11-01T18:19:01+08:00 ] 127.0.0.1 /index.php/Home/Article/captcha
ERR: 非法操作:captcha

[ 2017-11-01T18:19:01+08:00 ] 127.0.0.1 /index.php/Home/Article/captcha
ERR: 非法操作:captcha

[ 2017-11-01T18:19:01+08:00 ] 127.0.0.1 /index.php/Home/Article/captcha
ERR: 非法操作:captcha

[ 2017-11-01T18:19:02+08:00 ] 127.0.0.1 /index.php/Home/Article/captcha
ERR: 非法操作:captcha

[ 2017-11-01T18:19:02+08:00 ] 127.0.0.1 /index.php/Home/Article/captcha
ERR: 非法操作:captcha

[ 2017-11-01T18:19:02+08:00 ] 127.0.0.1 /index.php/Home/Article/captcha
ERR: 非法操作:captcha

[ 2017-11-01T18:19:02+08:00 ] 127.0.0.1 /index.php/Home/Article/captcha
ERR: 非法操作:captcha

[ 2017-11-01T18:19:03+08:00 ] 127.0.0.1 /index.php/Home/Article/captcha
ERR: 非法操作:captcha

[ 2017-11-01T18:19:22+08:00 ] 127.0.0.1 /index.php/Home/Article/captcha
ERR: 非法操作:captcha

[ 2017-11-01T18:19:23+08:00 ] 127.0.0.1 /index.php/Home/Article/captcha
ERR: 非法操作:captcha

[ 2017-11-01T18:20:08+08:00 ] 127.0.0.1 /index.php/Home/Article/captcha
ERR: 非法操作:captcha

[ 2017-11-01T18:20:09+08:00 ] 127.0.0.1 /index.php/Home/Article/captcha
ERR: 非法操作:captcha

[ 2017-11-01T18:20:09+08:00 ] 127.0.0.1 /index.php/Home/Article/captcha
ERR: 非法操作:captcha

[ 2017-11-01T18:20:10+08:00 ] 127.0.0.1 /index.php/Home/Article/captcha
ERR: 非法操作:captcha

[ 2017-11-01T18:20:10+08:00 ] 127.0.0.1 /index.php/Home/Article/captcha
ERR: 非法操作:captcha

[ 2017-11-01T18:20:10+08:00 ] 127.0.0.1 /index.php/Home/Article/captcha
ERR: 非法操作:captcha

[ 2017-11-01T18:20:11+08:00 ] 127.0.0.1 /index.php/Home/Article/captcha
ERR: 非法操作:captcha

[ 2017-11-01T18:20:12+08:00 ] 127.0.0.1 /index.php/Home/Article/captcha
ERR: 非法操作:captcha

[ 2017-11-01T18:20:12+08:00 ] 127.0.0.1 /index.php/Home/Article/captcha
ERR: 非法操作:captcha

[ 2017-11-01T18:20:35+08:00 ] 127.0.0.1 /index.php/Home/Article/captcha
ERR: 非法操作:captcha

[ 2017-11-01T18:20:36+08:00 ] 127.0.0.1 /index.php/Home/Article/captcha
ERR: 非法操作:captcha

[ 2017-11-01T18:20:36+08:00 ] 127.0.0.1 /index.php/Home/Article/captcha
ERR: 非法操作:captcha

[ 2017-11-01T18:20:37+08:00 ] 127.0.0.1 /index.php/Home/Article/captcha
ERR: 非法操作:captcha

[ 2017-11-01T18:20:37+08:00 ] 127.0.0.1 /index.php/Home/Article/captcha
ERR: 非法操作:captcha

[ 2017-11-01T18:26:36+08:00 ] 127.0.0.1 /index.php/Home/Article/captcha
ERR: 非法操作:captcha

[ 2017-11-01T18:26:37+08:00 ] 127.0.0.1 /index.php/Home/Article/captcha
ERR: 非法操作:captcha

[ 2017-11-01T18:26:37+08:00 ] 127.0.0.1 /index.php/Home/Article/captcha
ERR: 非法操作:captcha

[ 2017-11-01T18:28:19+08:00 ] 127.0.0.1 /index.php/Home/Article/captcha
ERR: 非法操作:captcha

[ 2017-11-01T18:29:03+08:00 ] 127.0.0.1 /index.php/Home/Article/captcha
ERR: 非法操作:captcha

[ 2017-11-01T18:29:24+08:00 ] 127.0.0.1 /index.php/Home/Article/captcha
ERR: 非法操作:captcha

[ 2017-11-01T18:29:25+08:00 ] 127.0.0.1 /index.php/Home/Article/captcha
ERR: 非法操作:captcha

[ 2017-11-01T18:29:25+08:00 ] 127.0.0.1 /index.php/Home/Article/captcha
ERR: 非法操作:captcha

[ 2017-11-01T18:29:25+08:00 ] 127.0.0.1 /index.php/Home/Article/captcha
ERR: 非法操作:captcha

[ 2017-11-01T18:34:39+08:00 ] 127.0.0.1 /index.php/Home/Article/captcha
ERR: 非法操作:captcha

[ 2017-11-01T18:35:49+08:00 ] 127.0.0.1 /index.php/Home/Article/captcha
ERR: 非法操作:captcha

[ 2017-11-01T18:35:51+08:00 ] 127.0.0.1 /index.php/Home/Article/captcha
ERR: 非法操作:captcha

[ 2017-11-01T18:35:51+08:00 ] 127.0.0.1 /index.php/Home/Article/captcha
ERR: 非法操作:captcha

[ 2017-11-01T18:35:52+08:00 ] 127.0.0.1 /index.php/Home/Article/captcha
ERR: 非法操作:captcha

[ 2017-11-01T18:35:52+08:00 ] 127.0.0.1 /index.php/Home/Article/captcha
ERR: 非法操作:captcha

[ 2017-11-01T18:37:02+08:00 ] 127.0.0.1 /index.php/Home/Article/captcha
ERR: 非法操作:captcha

[ 2017-11-01T18:37:03+08:00 ] 127.0.0.1 /index.php/Home/Article/captcha
ERR: 非法操作:captcha

[ 2017-11-01T18:37:21+08:00 ] 127.0.0.1 /index.php/Home/Article/captcha
ERR: 非法操作:captcha

[ 2017-11-01T18:38:02+08:00 ] 127.0.0.1 /index.php/Home/Article/captcha
ERR: 非法操作:captcha

[ 2017-11-01T18:38:08+08:00 ] 127.0.0.1 /index.php/Home/Article/captcha
ERR: 非法操作:captcha

[ 2017-11-01T18:39:47+08:00 ] 127.0.0.1 /index.php/Home/Article/captcha
ERR: 非法操作:captcha

[ 2017-11-01T18:44:13+08:00 ] 127.0.0.1 /index.php/Home/Article/captcha
ERR: 非法操作:captcha

[ 2017-11-01T18:44:17+08:00 ] 127.0.0.1 /index.php/Home/Article/zannums?art_id=&zannum=1
INFO: [ app_begin ] --START--
INFO: Run Behavior\ReadHtmlCacheBehavior [ RunTime:0.001430s ]
INFO: [ app_begin ] --END-- [ RunTime:0.002049s ]
SQL: SHOW COLUMNS FROM `article` [ RunTime:0.0061s ]
SQL: UPDATE `article` SET `likes`='1' WHERE `art_id` = 0 [ RunTime:0.0693s ]
INFO: [ app_end ] --START--
INFO: Run Behavior\ShowPageTraceBehavior [ RunTime:0.001963s ]
INFO: [ app_end ] --END-- [ RunTime:0.002098s ]

[ 2017-11-01T18:44:17+08:00 ] 127.0.0.1 /index.php/Home/Article/zannums?art_id=&zannum=0
INFO: [ app_begin ] --START--
INFO: Run Behavior\ReadHtmlCacheBehavior [ RunTime:0.001437s ]
INFO: [ app_begin ] --END-- [ RunTime:0.002011s ]
SQL: SHOW COLUMNS FROM `article` [ RunTime:0.0085s ]
SQL: UPDATE `article` SET `likes`='0' WHERE `art_id` = 0 [ RunTime:0.0160s ]
INFO: [ app_end ] --START--
INFO: Run Behavior\ShowPageTraceBehavior [ RunTime:0.001968s ]
INFO: [ app_end ] --END-- [ RunTime:0.002090s ]

[ 2017-11-01T18:44:18+08:00 ] 127.0.0.1 /index.php/Home/Article/zannums?art_id=&zannum=1
INFO: [ app_begin ] --START--
INFO: Run Behavior\ReadHtmlCacheBehavior [ RunTime:0.001897s ]
INFO: [ app_begin ] --END-- [ RunTime:0.002617s ]
SQL: SHOW COLUMNS FROM `article` [ RunTime:0.0245s ]
SQL: UPDATE `article` SET `likes`='1' WHERE `art_id` = 0 [ RunTime:0.0003s ]
INFO: [ app_end ] --START--
INFO: Run Behavior\ShowPageTraceBehavior [ RunTime:0.002020s ]
INFO: [ app_end ] --END-- [ RunTime:0.002163s ]

[ 2017-11-01T18:44:19+08:00 ] 127.0.0.1 /index.php/Home/Article/zannums?art_id=&zannum=0
INFO: [ app_begin ] --START--
INFO: Run Behavior\ReadHtmlCacheBehavior [ RunTime:0.001714s ]
INFO: [ app_begin ] --END-- [ RunTime:0.002291s ]
SQL: SHOW COLUMNS FROM `article` [ RunTime:0.0065s ]
SQL: UPDATE `article` SET `likes`='0' WHERE `art_id` = 0 [ RunTime:0.0003s ]
INFO: [ app_end ] --START--
INFO: Run Behavior\ShowPageTraceBehavior [ RunTime:0.001665s ]
INFO: [ app_end ] --END-- [ RunTime:0.001758s ]

[ 2017-11-01T18:44:19+08:00 ] 127.0.0.1 /index.php/Home/Article/zannums?art_id=&zannum=1
INFO: [ app_begin ] --START--
INFO: Run Behavior\ReadHtmlCacheBehavior [ RunTime:0.001826s ]
INFO: [ app_begin ] --END-- [ RunTime:0.002590s ]
SQL: SHOW COLUMNS FROM `article` [ RunTime:0.0245s ]
SQL: UPDATE `article` SET `likes`='1' WHERE `art_id` = 0 [ RunTime:0.0003s ]
INFO: [ app_end ] --START--
INFO: Run Behavior\ShowPageTraceBehavior [ RunTime:0.001525s ]
INFO: [ app_end ] --END-- [ RunTime:0.001620s ]

[ 2017-11-01T18:44:19+08:00 ] 127.0.0.1 /index.php/Home/Article/zannums?art_id=&zannum=0
INFO: [ app_begin ] --START--
INFO: Run Behavior\ReadHtmlCacheBehavior [ RunTime:0.002199s ]
INFO: [ app_begin ] --END-- [ RunTime:0.003006s ]
SQL: SHOW COLUMNS FROM `article` [ RunTime:0.0060s ]
SQL: UPDATE `article` SET `likes`='0' WHERE `art_id` = 0 [ RunTime:0.0003s ]
INFO: [ app_end ] --START--
INFO: Run Behavior\ShowPageTraceBehavior [ RunTime:0.001547s ]
INFO: [ app_end ] --END-- [ RunTime:0.001647s ]

[ 2017-11-01T18:44:20+08:00 ] 127.0.0.1 /index.php/Home/Article/zannums?art_id=&zannum=1
INFO: [ app_begin ] --START--
INFO: Run Behavior\ReadHtmlCacheBehavior [ RunTime:0.001906s ]
INFO: [ app_begin ] --END-- [ RunTime:0.002653s ]
SQL: SHOW COLUMNS FROM `article` [ RunTime:0.0056s ]
SQL: UPDATE `article` SET `likes`='1' WHERE `art_id` = 0 [ RunTime:0.0003s ]
INFO: [ app_end ] --START--
INFO: Run Behavior\ShowPageTraceBehavior [ RunTime:0.001504s ]
INFO: [ app_end ] --END-- [ RunTime:0.001595s ]

[ 2017-11-01T18:44:22+08:00 ] 127.0.0.1 /index.php/Home/Article/captcha
ERR: 非法操作:captcha

[ 2017-11-01T18:44:23+08:00 ] 127.0.0.1 /index.php/Home/Article/zannums?art_id=&zannum=1
INFO: [ app_begin ] --START--
INFO: Run Behavior\ReadHtmlCacheBehavior [ RunTime:0.000727s ]
INFO: [ app_begin ] --END-- [ RunTime:0.001323s ]
SQL: SHOW COLUMNS FROM `article` [ RunTime:0.0063s ]
SQL: UPDATE `article` SET `likes`='1' WHERE `art_id` = 0 [ RunTime:0.0003s ]
INFO: [ app_end ] --START--
INFO: Run Behavior\ShowPageTraceBehavior [ RunTime:0.001653s ]
INFO: [ app_end ] --END-- [ RunTime:0.001800s ]

[ 2017-11-01T18:45:13+08:00 ] 127.0.0.1 /index.php/Home/Article/captcha
ERR: 非法操作:captcha

[ 2017-11-01T18:45:14+08:00 ] 127.0.0.1 /index.php/Home/Article/captcha
ERR: 非法操作:captcha

[ 2017-11-01T18:45:22+08:00 ] 127.0.0.1 /index.php/Home/Article/captcha
ERR: 非法操作:captcha

[ 2017-11-01T18:45:35+08:00 ] 127.0.0.1 /index.php/Home/Article/captcha
ERR: 非法操作:captcha

[ 2017-11-01T18:46:32+08:00 ] 127.0.0.1 /index.php/Home/Article/captcha
ERR: 非法操作:captcha

[ 2017-11-01T18:46:42+08:00 ] 127.0.0.1 /index.php/Home/Article/captcha
ERR: 非法操作:captcha

[ 2017-11-01T18:46:48+08:00 ] 127.0.0.1 /index.php/Home/Article/captcha
ERR: 非法操作:captcha

[ 2017-11-01T18:47:07+08:00 ] 127.0.0.1 /index.php/Home/Article/captcha
ERR: 非法操作:captcha

[ 2017-11-01T18:47:08+08:00 ] 127.0.0.1 /index.php/Home/Article/captcha
ERR: 非法操作:captcha

[ 2017-11-01T18:47:08+08:00 ] 127.0.0.1 /index.php/Home/Article/captcha
ERR: 非法操作:captcha

[ 2017-11-01T18:48:27+08:00 ] 127.0.0.1 /index.php/Home/Article/captcha
ERR: 非法操作:captcha

[ 2017-11-01T18:48:28+08:00 ] 127.0.0.1 /index.php/Home/Article/captcha
ERR: 非法操作:captcha

[ 2017-11-01T18:48:28+08:00 ] 127.0.0.1 /index.php/Home/Article/captcha
ERR: 非法操作:captcha

[ 2017-11-01T18:48:28+08:00 ] 127.0.0.1 /index.php/Home/Article/captcha
ERR: 非法操作:captcha

[ 2017-11-01T18:48:29+08:00 ] 127.0.0.1 /index.php/Home/Article/captcha
ERR: 非法操作:captcha

[ 2017-11-01T18:48:29+08:00 ] 127.0.0.1 /index.php/Home/Article/captcha
ERR: 非法操作:captcha

[ 2017-11-01T18:48:29+08:00 ] 127.0.0.1 /index.php/Home/Article/captcha
ERR: 非法操作:captcha

[ 2017-11-01T18:48:41+08:00 ] 127.0.0.1 /index.php/Home/Article/captcha
ERR: 非法操作:captcha

[ 2017-11-01T18:48:42+08:00 ] 127.0.0.1 /index.php/Home/Article/captcha
ERR: 非法操作:captcha

[ 2017-11-01T18:48:42+08:00 ] 127.0.0.1 /index.php/Home/Article/captcha
ERR: 非法操作:captcha

[ 2017-11-01T18:48:51+08:00 ] 127.0.0.1 /index.php/Home/Article/captcha
ERR: 非法操作:captcha

[ 2017-11-01T18:48:51+08:00 ] 127.0.0.1 /index.php/Home/Article/captcha
ERR: 非法操作:captcha

[ 2017-11-01T18:48:51+08:00 ] 127.0.0.1 /index.php/Home/Article/captcha
ERR: 非法操作:captcha

[ 2017-11-01T18:49:17+08:00 ] 127.0.0.1 /index.php/Home/Article/captcha
ERR: 非法操作:captcha

[ 2017-11-01T18:49:18+08:00 ] 127.0.0.1 /index.php/Home/Article/captcha
ERR: 非法操作:captcha

[ 2017-11-01T18:49:18+08:00 ] 127.0.0.1 /index.php/Home/Article/captcha
ERR: 非法操作:captcha

[ 2017-11-01T18:49:18+08:00 ] 127.0.0.1 /index.php/Home/Article/captcha
ERR: 非法操作:captcha

[ 2017-11-01T18:49:25+08:00 ] 127.0.0.1 /index.php/Home/Article/captcha
ERR: 非法操作:captcha

[ 2017-11-01T18:49:26+08:00 ] 127.0.0.1 /index.php/Home/Article/captcha
ERR: 非法操作:captcha

[ 2017-11-01T18:49:26+08:00 ] 127.0.0.1 /index.php/Home/Article/captcha
ERR: 非法操作:captcha

[ 2017-11-01T18:49:27+08:00 ] 127.0.0.1 /index.php/Home/Article/captcha
ERR: 非法操作:captcha

[ 2017-11-01T18:49:28+08:00 ] 127.0.0.1 /index.php/Home/Article/captcha
ERR: 非法操作:captcha

[ 2017-11-01T18:51:43+08:00 ] 127.0.0.1 /index.php/Home/Article/captcha
ERR: 非法操作:captcha

[ 2017-11-01T18:51:44+08:00 ] 127.0.0.1 /index.php/Home/Article/captcha
ERR: 非法操作:captcha

[ 2017-11-01T18:51:45+08:00 ] 127.0.0.1 /index.php/Home/Article/captcha
ERR: 非法操作:captcha

[ 2017-11-01T18:51:54+08:00 ] 127.0.0.1 /index.php/Home/Article/captcha
ERR: 非法操作:captcha

[ 2017-11-01T18:52:18+08:00 ] 127.0.0.1 /index.php/Home/Article/zannums?art_id=&zannum=1
INFO: [ app_begin ] --START--
INFO: Run Behavior\ReadHtmlCacheBehavior [ RunTime:0.001095s ]
INFO: [ app_begin ] --END-- [ RunTime:0.001716s ]
SQL: SHOW COLUMNS FROM `article` [ RunTime:0.0061s ]
SQL: UPDATE `article` SET `likes`='1' WHERE `art_id` = 0 [ RunTime:0.0003s ]
INFO: [ app_end ] --START--
INFO: Run Behavior\ShowPageTraceBehavior [ RunTime:0.001261s ]
INFO: [ app_end ] --END-- [ RunTime:0.001372s ]

[ 2017-11-01T18:52:19+08:00 ] 127.0.0.1 /index.php/Home/Article/zannums?art_id=&zannum=0
INFO: [ app_begin ] --START--
INFO: Run Behavior\ReadHtmlCacheBehavior [ RunTime:0.000722s ]
INFO: [ app_begin ] --END-- [ RunTime:0.001206s ]
SQL: SHOW COLUMNS FROM `article` [ RunTime:0.0073s ]
SQL: UPDATE `article` SET `likes`='0' WHERE `art_id` = 0 [ RunTime:0.0003s ]
INFO: [ app_end ] --START--
INFO: Run Behavior\ShowPageTraceBehavior [ RunTime:0.001210s ]
INFO: [ app_end ] --END-- [ RunTime:0.001330s ]

[ 2017-11-01T18:53:54+08:00 ] 127.0.0.1 /index.php/Home/Article/captcha
ERR: 非法操作:captcha

[ 2017-11-01T18:53:55+08:00 ] 127.0.0.1 /index.php/Home/Article/captcha
ERR: 非法操作:captcha

[ 2017-11-01T18:53:57+08:00 ] 127.0.0.1 /index.php/Home/Article/zannums?art_id=&zannum=1
INFO: [ app_begin ] --START--
INFO: Run Behavior\ReadHtmlCacheBehavior [ RunTime:0.001170s ]
INFO: [ app_begin ] --END-- [ RunTime:0.001721s ]
SQL: SHOW COLUMNS FROM `article` [ RunTime:0.0073s ]
SQL: UPDATE `article` SET `likes`='1' WHERE `art_id` = 0 [ RunTime:0.0004s ]
INFO: [ app_end ] --START--
INFO: Run Behavior\ShowPageTraceBehavior [ RunTime:0.001753s ]
INFO: [ app_end ] --END-- [ RunTime:0.001873s ]

[ 2017-11-01T18:53:57+08:00 ] 127.0.0.1 /index.php/Home/Article/zannums?art_id=&zannum=0
INFO: [ app_begin ] --START--
INFO: Run Behavior\ReadHtmlCacheBehavior [ RunTime:0.001219s ]
INFO: [ app_begin ] --END-- [ RunTime:0.001863s ]
SQL: SHOW COLUMNS FROM `article` [ RunTime:0.0246s ]
SQL: UPDATE `article` SET `likes`='0' WHERE `art_id` = 0 [ RunTime:0.0004s ]
INFO: [ app_end ] --START--
INFO: Run Behavior\ShowPageTraceBehavior [ RunTime:0.001160s ]
INFO: [ app_end ] --END-- [ RunTime:0.001252s ]

[ 2017-11-01T18:53:58+08:00 ] 127.0.0.1 /index.php/Home/Article/zannums?art_id=&zannum=1
INFO: [ app_begin ] --START--
INFO: Run Behavior\ReadHtmlCacheBehavior [ RunTime:0.000808s ]
INFO: [ app_begin ] --END-- [ RunTime:0.001338s ]
SQL: SHOW COLUMNS FROM `article` [ RunTime:0.0240s ]
SQL: UPDATE `article` SET `likes`='1' WHERE `art_id` = 0 [ RunTime:0.0003s ]
INFO: [ app_end ] --START--
INFO: Run Behavior\ShowPageTraceBehavior [ RunTime:0.001672s ]
INFO: [ app_end ] --END-- [ RunTime:0.001794s ]

[ 2017-11-01T18:53:59+08:00 ] 127.0.0.1 /index.php/Home/Article/zannums?art_id=&zannum=0
INFO: [ app_begin ] --START--
INFO: Run Behavior\ReadHtmlCacheBehavior [ RunTime:0.000742s ]
INFO: [ app_begin ] --END-- [ RunTime:0.001193s ]
SQL: SHOW COLUMNS FROM `article` [ RunTime:0.0052s ]
SQL: UPDATE `article` SET `likes`='0' WHERE `art_id` = 0 [ RunTime:0.0003s ]
INFO: [ app_end ] --START--
INFO: Run Behavior\ShowPageTraceBehavior [ RunTime:0.001603s ]
INFO: [ app_end ] --END-- [ RunTime:0.001742s ]

[ 2017-11-01T18:55:13+08:00 ] 127.0.0.1 /index.php/Home/Article/zannums?art_id=&zannum=1
INFO: [ app_begin ] --START--
INFO: Run Behavior\ReadHtmlCacheBehavior [ RunTime:0.000751s ]
INFO: [ app_begin ] --END-- [ RunTime:0.001222s ]
SQL: SHOW COLUMNS FROM `article` [ RunTime:0.0066s ]
SQL: UPDATE `article` SET `likes`='1' WHERE `art_id` = 0 [ RunTime:0.0506s ]
INFO: [ app_end ] --START--
INFO: Run Behavior\ShowPageTraceBehavior [ RunTime:0.001331s ]
INFO: [ app_end ] --END-- [ RunTime:0.001449s ]

[ 2017-11-01T18:55:14+08:00 ] 127.0.0.1 /index.php/Home/Article/zannums?art_id=&zannum=0
INFO: [ app_begin ] --START--
INFO: Run Behavior\ReadHtmlCacheBehavior [ RunTime:0.000757s ]
INFO: [ app_begin ] --END-- [ RunTime:0.001216s ]
SQL: SHOW COLUMNS FROM `article` [ RunTime:0.0065s ]
SQL: UPDATE `article` SET `likes`='0' WHERE `art_id` = 0 [ RunTime:0.0003s ]
INFO: [ app_end ] --START--
INFO: Run Behavior\ShowPageTraceBehavior [ RunTime:0.001166s ]
INFO: [ app_end ] --END-- [ RunTime:0.001256s ]

[ 2017-11-01T18:55:15+08:00 ] 127.0.0.1 /index.php/Home/Article/zannums?art_id=&zannum=1
INFO: [ app_begin ] --START--
INFO: Run Behavior\ReadHtmlCacheBehavior [ RunTime:0.000749s ]
INFO: [ app_begin ] --END-- [ RunTime:0.001205s ]
SQL: SHOW COLUMNS FROM `article` [ RunTime:0.0061s ]
SQL: UPDATE `article` SET `likes`='1' WHERE `art_id` = 0 [ RunTime:0.0003s ]
INFO: [ app_end ] --START--
INFO: Run Behavior\ShowPageTraceBehavior [ RunTime:0.001251s ]
INFO: [ app_end ] --END-- [ RunTime:0.001341s ]

[ 2017-11-01T18:55:17+08:00 ] 127.0.0.1 /index.php/Home/Article/captcha
ERR: 非法操作:captcha

[ 2017-11-01T18:55:39+08:00 ] 127.0.0.1 /index.php/Home/Article/captcha
ERR: 非法操作:captcha

[ 2017-11-01T18:55:50+08:00 ] 127.0.0.1 /index.php/Home/Article/captcha
ERR: 非法操作:captcha

[ 2017-11-01T18:55:50+08:00 ] 127.0.0.1 /index.php/Home/Article/captcha
ERR: 非法操作:captcha

[ 2017-11-01T18:55:51+08:00 ] 127.0.0.1 /index.php/Home/Article/captcha
ERR: 非法操作:captcha

[ 2017-11-01T18:55:52+08:00 ] 127.0.0.1 /index.php/Home/Article/captcha
ERR: 非法操作:captcha

[ 2017-11-01T18:56:44+08:00 ] 127.0.0.1 /index.php/Home/Article/captcha
ERR: 非法操作:captcha

[ 2017-11-01T18:56:45+08:00 ] 127.0.0.1 /index.php/Home/Article/captcha
ERR: 非法操作:captcha

[ 2017-11-01T18:56:45+08:00 ] 127.0.0.1 /index.php/Home/Article/captcha
ERR: 非法操作:captcha

[ 2017-11-01T18:56:45+08:00 ] 127.0.0.1 /index.php/Home/Article/captcha
ERR: 非法操作:captcha

[ 2017-11-01T18:56:46+08:00 ] 127.0.0.1 /index.php/Home/Article/captcha
ERR: 非法操作:captcha

[ 2017-11-01T18:56:46+08:00 ] 127.0.0.1 /index.php/Home/Article/captcha
ERR: 非法操作:captcha

[ 2017-11-01T18:56:46+08:00 ] 127.0.0.1 /index.php/Home/Article/captcha
ERR: 非法操作:captcha

[ 2017-11-01T18:56:47+08:00 ] 127.0.0.1 /index.php/Home/Article/captcha
ERR: 非法操作:captcha

[ 2017-11-01T18:57:57+08:00 ] 127.0.0.1 /index.php/Home/Article/captcha
ERR: 非法操作:captcha

[ 2017-11-01T18:58:07+08:00 ] 127.0.0.1 /index.php/Home/Article/captcha
ERR: 非法操作:captcha

[ 2017-11-01T18:58:23+08:00 ] 127.0.0.1 /index.php/Home/Article/captcha
ERR: 非法操作:captcha

[ 2017-11-01T18:58:24+08:00 ] 127.0.0.1 /index.php/Home/Article/captcha
ERR: 非法操作:captcha

[ 2017-11-01T18:58:24+08:00 ] 127.0.0.1 /index.php/Home/Article/captcha
ERR: 非法操作:captcha

[ 2017-11-01T18:58:26+08:00 ] 127.0.0.1 /index.php/Home/Article/captcha
ERR: 非法操作:captcha

[ 2017-11-01T18:58:26+08:00 ] 127.0.0.1 /index.php/Home/Article/captcha
ERR: 非法操作:captcha

[ 2017-11-01T18:58:36+08:00 ] 127.0.0.1 /index.php/Home/Article/captcha
ERR: 非法操作:captcha

[ 2017-11-01T18:58:36+08:00 ] 127.0.0.1 /index.php/Home/Article/captcha
ERR: 非法操作:captcha

[ 2017-11-01T18:58:36+08:00 ] 127.0.0.1 /index.php/Home/Article/captcha
ERR: 非法操作:captcha

[ 2017-11-01T18:59:01+08:00 ] 127.0.0.1 /index.php/Home/Article/captcha
ERR: 非法操作:captcha

[ 2017-11-01T18:59:02+08:00 ] 127.0.0.1 /index.php/Home/Article/captcha
ERR: 非法操作:captcha

[ 2017-11-01T18:59:03+08:00 ] 127.0.0.1 /index.php/Home/Article/captcha
ERR: 非法操作:captcha

[ 2017-11-01T18:59:03+08:00 ] 127.0.0.1 /index.php/Home/Article/captcha
ERR: 非法操作:captcha

[ 2017-11-01T18:59:03+08:00 ] 127.0.0.1 /index.php/Home/Article/captcha
ERR: 非法操作:captcha

[ 2017-11-01T18:59:15+08:00 ] 127.0.0.1 /index.php/Home/Article/captcha
ERR: 非法操作:captcha

[ 2017-11-01T18:59:16+08:00 ] 127.0.0.1 /index.php/Home/Article/captcha
ERR: 非法操作:captcha

[ 2017-11-01T18:59:16+08:00 ] 127.0.0.1 /index.php/Home/Article/captcha
ERR: 非法操作:captcha

[ 2017-11-01T18:59:16+08:00 ] 127.0.0.1 /index.php/Home/Article/captcha
ERR: 非法操作:captcha

[ 2017-11-01T18:59:24+08:00 ] 127.0.0.1 /index.php/Home/Article/captcha
ERR: 非法操作:captcha

[ 2017-11-01T18:59:25+08:00 ] 127.0.0.1 /index.php/Home/Article/captcha
ERR: 非法操作:captcha

[ 2017-11-01T18:59:25+08:00 ] 127.0.0.1 /index.php/Home/Article/captcha
ERR: 非法操作:captcha

[ 2017-11-01T18:59:26+08:00 ] 127.0.0.1 /index.php/Home/Article/captcha
ERR: 非法操作:captcha

[ 2017-11-01T19:01:42+08:00 ] 127.0.0.1 /index.php/Home/Article/captcha
ERR: 非法操作:captcha

[ 2017-11-01T19:01:42+08:00 ] 127.0.0.1 /index.php/Home/Article/captcha
ERR: 非法操作:captcha

[ 2017-11-01T19:02:25+08:00 ] 127.0.0.1 /index.php/Home/Article/captcha
ERR: 非法操作:captcha

[ 2017-11-01T19:02:26+08:00 ] 127.0.0.1 /index.php/Home/Article/captcha
ERR: 非法操作:captcha

[ 2017-11-01T19:02:26+08:00 ] 127.0.0.1 /index.php/Home/Article/captcha
ERR: 非法操作:captcha

[ 2017-11-01T19:04:41+08:00 ] 127.0.0.1 /index.php/Home/Article/captcha
ERR: 非法操作:captcha

[ 2017-11-01T19:04:51+08:00 ] 127.0.0.1 /index.php/Home/Article/captcha
ERR: 非法操作:captcha

[ 2017-11-01T19:05:01+08:00 ] 127.0.0.1 /index.php/Home/Article/captcha
ERR: 非法操作:captcha

[ 2017-11-01T19:06:10+08:00 ] 127.0.0.1 /index.php/Home/Article/captcha
ERR: 非法操作:captcha

[ 2017-11-01T19:07:39+08:00 ] 127.0.0.1 /index.php/Home/Article/captcha
ERR: 非法操作:captcha

[ 2017-11-01T19:07:40+08:00 ] 127.0.0.1 /index.php/Home/Article/captcha
ERR: 非法操作:captcha

[ 2017-11-01T19:07:54+08:00 ] 127.0.0.1 /index.php/Home/Article/captcha
ERR: 非法操作:captcha

[ 2017-11-01T19:08:08+08:00 ] 127.0.0.1 /index.php/Home/Article/captcha
ERR: 非法操作:captcha

[ 2017-11-01T19:08:23+08:00 ] 127.0.0.1 /index.php/Home/Article/captcha
ERR: 非法操作:captcha

[ 2017-11-01T19:10:12+08:00 ] 127.0.0.1 /index.php/Home/Article/captcha
ERR: 非法操作:captcha

[ 2017-11-01T19:10:13+08:00 ] 127.0.0.1 /index.php/Home/Article/captcha
ERR: 非法操作:captcha

[ 2017-11-01T19:10:14+08:00 ] 127.0.0.1 /index.php/Home/Article/zannums?art_id=26&zannum=3
INFO: [ app_begin ] --START--
INFO: Run Behavior\ReadHtmlCacheBehavior [ RunTime:0.000876s ]
INFO: [ app_begin ] --END-- [ RunTime:0.001313s ]
SQL: SHOW COLUMNS FROM `article` [ RunTime:0.0053s ]
SQL: UPDATE `article` SET `likes`='3' WHERE `art_id` = 26 [ RunTime:0.1408s ]
INFO: [ app_end ] --START--
INFO: Run Behavior\ShowPageTraceBehavior [ RunTime:0.001686s ]
INFO: [ app_end ] --END-- [ RunTime:0.001834s ]

[ 2017-11-01T19:10:16+08:00 ] 127.0.0.1 /index.php/Home/Article/captcha
ERR: 非法操作:captcha

[ 2017-11-01T19:10:17+08:00 ] 127.0.0.1 /index.php/Home/Article/zannums?art_id=26&zannum=4
INFO: [ app_begin ] --START--
INFO: Run Behavior\ReadHtmlCacheBehavior [ RunTime:0.001618s ]
INFO: [ app_begin ] --END-- [ RunTime:0.002245s ]
SQL: SHOW COLUMNS FROM `article` [ RunTime:0.0112s ]
SQL: UPDATE `article` SET `likes`='4' WHERE `art_id` = 26 [ RunTime:0.0517s ]
INFO: [ app_end ] --START--
INFO: Run Behavior\ShowPageTraceBehavior [ RunTime:0.002218s ]
INFO: [ app_end ] --END-- [ RunTime:0.002377s ]

[ 2017-11-01T19:10:18+08:00 ] 127.0.0.1 /index.php/Home/Article/captcha
ERR: 非法操作:captcha

[ 2017-11-01T19:14:34+08:00 ] 127.0.0.1 /index.php/Home/Article/captcha
ERR: 非法操作:captcha

[ 2017-11-01T19:14:34+08:00 ] 127.0.0.1 /index.php/Home/Article/captcha
ERR: 非法操作:captcha

[ 2017-11-01T19:14:35+08:00 ] 127.0.0.1 /index.php/Home/Article/captcha
ERR: 非法操作:captcha

[ 2017-11-01T19:15:23+08:00 ] 127.0.0.1 /index.php/Home/Article/captcha
ERR: 非法操作:captcha

[ 2017-11-01T19:15:31+08:00 ] 127.0.0.1 /index.php/Home/Article/captcha
ERR: 非法操作:captcha

[ 2017-11-01T19:26:23+08:00 ] 127.0.0.1 /index.php/Home/Article/captcha
ERR: 非法操作:captcha

[ 2017-11-01T19:26:24+08:00 ] 127.0.0.1 /index.php/Home/Article/captcha
ERR: 非法操作:captcha

[ 2017-11-01T19:26:27+08:00 ] 127.0.0.1 /index.php/Home/Article/captcha
ERR: 非法操作:captcha

[ 2017-11-01T19:26:35+08:00 ] 127.0.0.1 /index.php/Home/Article/captcha
ERR: 非法操作:captcha

[ 2017-11-01T19:26:38+08:00 ] 127.0.0.1 /index.php/Home/Article/captcha
ERR: 非法操作:captcha

[ 2017-11-01T19:26:39+08:00 ] 127.0.0.1 /index.php/Home/Article/captcha
ERR: 非法操作:captcha

[ 2017-11-01T19:26:39+08:00 ] 127.0.0.1 /index.php/Home/Article/captcha
ERR: 非法操作:captcha

[ 2017-11-01T19:26:39+08:00 ] 127.0.0.1 /index.php/Home/Article/captcha
ERR: 非法操作:captcha

[ 2017-11-01T19:26:41+08:00 ] 127.0.0.1 /index.php/Home/Article/captcha
ERR: 非法操作:captcha

[ 2017-11-01T19:27:04+08:00 ] 127.0.0.1 /index.php/Home/Article/captcha
ERR: 非法操作:captcha

[ 2017-11-01T19:27:47+08:00 ] 127.0.0.1 /index.php/Home/Article/captcha
ERR: 非法操作:captcha

[ 2017-11-01T19:27:50+08:00 ] 127.0.0.1 /index.php/Home/Article/captcha
ERR: 非法操作:captcha

[ 2017-11-01T19:27:51+08:00 ] 127.0.0.1 /index.php/Home/Article/captcha
ERR: 非法操作:captcha

[ 2017-11-01T19:27:51+08:00 ] 127.0.0.1 /index.php/Home/Article/captcha
ERR: 非法操作:captcha

[ 2017-11-01T19:27:54+08:00 ] 127.0.0.1 /index.php/Home/Article/captcha
ERR: 非法操作:captcha

[ 2017-11-01T19:28:09+08:00 ] 127.0.0.1 /index.php/Home/Article/captcha
ERR: 非法操作:captcha

[ 2017-11-01T19:33:10+08:00 ] 127.0.0.1 /index.php/Home/Article/captcha
ERR: 非法操作:captcha

[ 2017-11-01T19:38:14+08:00 ] 127.0.0.1 /index.php/Home/Article/captcha
ERR: 非法操作:captcha

[ 2017-11-01T19:40:15+08:00 ] 127.0.0.1 /index.php/Home/Article/captcha
ERR: 非法操作:captcha

[ 2017-11-01T19:40:17+08:00 ] 127.0.0.1 /index.php/Home/Article/captcha
ERR: 非法操作:captcha

[ 2017-11-01T19:40:19+08:00 ] 127.0.0.1 /index.php/Home/Article/captcha
ERR: 非法操作:captcha

[ 2017-11-01T19:40:19+08:00 ] 127.0.0.1 /index.php/Home/Article/captcha
ERR: 非法操作:captcha

[ 2017-11-01T19:40:21+08:00 ] 127.0.0.1 /index.php/Home/Article/captcha
ERR: 非法操作:captcha

[ 2017-11-01T19:42:02+08:00 ] 127.0.0.1 /index.php/Home/Article/captcha
ERR: 非法操作:captcha

[ 2017-11-01T19:42:04+08:00 ] 127.0.0.1 /index.php/Home/Article/captcha
ERR: 非法操作:captcha

[ 2017-11-01T19:42:05+08:00 ] 127.0.0.1 /index.php/Home/Article/captcha
ERR: 非法操作:captcha

[ 2017-11-01T20:00:12+08:00 ] 127.0.0.1 /index.php/Home/Public/logout
INFO: [ app_begin ] --START--
INFO: Run Behavior\ReadHtmlCacheBehavior [ RunTime:0.001993s ]
INFO: [ app_begin ] --END-- [ RunTime:0.002772s ]

[ 2017-11-01T20:00:56+08:00 ] 127.0.0.1 /index.php/Home/Public/checkLogin
INFO: [ app_begin ] --START--
INFO: Run Behavior\ReadHtmlCacheBehavior [ RunTime:0.001329s ]
INFO: [ app_begin ] --END-- [ RunTime:0.002308s ]
SQL: SHOW COLUMNS FROM `user` [ RunTime:0.0703s ]
SQL: SELECT * FROM `user` WHERE ( username = 'admin'  ) LIMIT 1   [ RunTime:0.0253s ]

[ 2017-11-01T20:01:07+08:00 ] 127.0.0.1 /index.php/Home/Public/checkLogin
INFO: [ app_begin ] --START--
INFO: Run Behavior\ReadHtmlCacheBehavior [ RunTime:0.001165s ]
INFO: [ app_begin ] --END-- [ RunTime:0.002264s ]
SQL: SHOW COLUMNS FROM `user` [ RunTime:0.0212s ]
SQL: SELECT * FROM `user` WHERE ( username = 'lulu'  ) LIMIT 1   [ RunTime:0.0004s ]

[ 2017-11-01T20:01:17+08:00 ] 127.0.0.1 /index.php/Home/Public/checkLogin
INFO: [ app_begin ] --START--
INFO: Run Behavior\ReadHtmlCacheBehavior [ RunTime:0.001129s ]
INFO: [ app_begin ] --END-- [ RunTime:0.002085s ]
SQL: SHOW COLUMNS FROM `user` [ RunTime:0.0053s ]
SQL: SELECT * FROM `user` WHERE ( username = 'lusnan'  ) LIMIT 1   [ RunTime:0.0003s ]

[ 2017-11-01T20:01:38+08:00 ] 127.0.0.1 /index.php/Home/Public/logout
INFO: [ app_begin ] --START--
INFO: Run Behavior\ReadHtmlCacheBehavior [ RunTime:0.001011s ]
INFO: [ app_begin ] --END-- [ RunTime:0.002200s ]

[ 2017-11-01T20:10:34+08:00 ] 127.0.0.1 /index.php/Home/Public/checkLogin
INFO: [ app_begin ] --START--
INFO: Run Behavior\ReadHtmlCacheBehavior [ RunTime:0.002470s ]
INFO: [ app_begin ] --END-- [ RunTime:0.003159s ]
SQL: SHOW COLUMNS FROM `user` [ RunTime:0.0066s ]
SQL: SELECT * FROM `user` WHERE ( username = 'lusnan'  ) LIMIT 1   [ RunTime:0.0005s ]

[ 2017-11-01T20:17:26+08:00 ] 127.0.0.1 /index.php/Home/Article/zannums?art_id=26&zannum=5
INFO: [ app_begin ] --START--
INFO: Run Behavior\ReadHtmlCacheBehavior [ RunTime:0.001072s ]
INFO: [ app_begin ] --END-- [ RunTime:0.002136s ]
SQL: SHOW COLUMNS FROM `article` [ RunTime:0.0268s ]
SQL: UPDATE `article` SET `likes`='5' WHERE `art_id` = 26 [ RunTime:0.1636s ]
INFO: [ app_end ] --START--
INFO: Run Behavior\ShowPageTraceBehavior [ RunTime:0.001779s ]
INFO: [ app_end ] --END-- [ RunTime:0.002050s ]

[ 2017-11-01T20:27:37+08:00 ] 127.0.0.1 /index.php/Home/Article/zannums?art_id=24&zannum=5
INFO: [ app_begin ] --START--
INFO: Run Behavior\ReadHtmlCacheBehavior [ RunTime:0.002361s ]
INFO: [ app_begin ] --END-- [ RunTime:0.003417s ]
SQL: SHOW COLUMNS FROM `article` [ RunTime:0.0071s ]
SQL: UPDATE `article` SET `likes`='5' WHERE `art_id` = 24 [ RunTime:0.0791s ]
INFO: [ app_end ] --START--
INFO: Run Behavior\ShowPageTraceBehavior [ RunTime:0.001510s ]
INFO: [ app_end ] --END-- [ RunTime:0.001627s ]

[ 2017-11-01T20:27:38+08:00 ] 127.0.0.1 /index.php/Home/Article/zannums?art_id=24&zannum=4
INFO: [ app_begin ] --START--
INFO: Run Behavior\ReadHtmlCacheBehavior [ RunTime:0.000724s ]
INFO: [ app_begin ] --END-- [ RunTime:0.001319s ]
SQL: SHOW COLUMNS FROM `article` [ RunTime:0.0243s ]
SQL: UPDATE `article` SET `likes`='4' WHERE `art_id` = 24 [ RunTime:0.0297s ]
INFO: [ app_end ] --START--
INFO: Run Behavior\ShowPageTraceBehavior [ RunTime:0.001603s ]
INFO: [ app_end ] --END-- [ RunTime:0.001752s ]

[ 2017-11-01T20:27:38+08:00 ] 127.0.0.1 /index.php/Home/Article/zannums?art_id=24&zannum=5
INFO: [ app_begin ] --START--
INFO: Run Behavior\ReadHtmlCacheBehavior [ RunTime:0.000761s ]
INFO: [ app_begin ] --END-- [ RunTime:0.001332s ]
SQL: SHOW COLUMNS FROM `article` [ RunTime:0.0060s ]
SQL: UPDATE `article` SET `likes`='5' WHERE `art_id` = 24 [ RunTime:0.0325s ]
INFO: [ app_end ] --START--
INFO: Run Behavior\ShowPageTraceBehavior [ RunTime:0.001597s ]
INFO: [ app_end ] --END-- [ RunTime:0.001741s ]

[ 2017-11-01T20:27:38+08:00 ] 127.0.0.1 /index.php/Home/Article/zannums?art_id=24&zannum=4
INFO: [ app_begin ] --START--
INFO: Run Behavior\ReadHtmlCacheBehavior [ RunTime:0.001018s ]
INFO: [ app_begin ] --END-- [ RunTime:0.001818s ]
SQL: SHOW COLUMNS FROM `article` [ RunTime:0.0070s ]
SQL: UPDATE `article` SET `likes`='4' WHERE `art_id` = 24 [ RunTime:0.0649s ]
INFO: [ app_end ] --START--
INFO: Run Behavior\ShowPageTraceBehavior [ RunTime:0.001390s ]
INFO: [ app_end ] --END-- [ RunTime:0.001496s ]

[ 2017-11-01T20:27:39+08:00 ] 127.0.0.1 /index.php/Home/Article/zannums?art_id=24&zannum=5
INFO: [ app_begin ] --START--
INFO: Run Behavior\ReadHtmlCacheBehavior [ RunTime:0.000706s ]
INFO: [ app_begin ] --END-- [ RunTime:0.001264s ]
SQL: SHOW COLUMNS FROM `article` [ RunTime:0.0076s ]
SQL: UPDATE `article` SET `likes`='5' WHERE `art_id` = 24 [ RunTime:0.0336s ]
INFO: [ app_end ] --START--
INFO: Run Behavior\ShowPageTraceBehavior [ RunTime:0.001265s ]
INFO: [ app_end ] --END-- [ RunTime:0.001360s ]

[ 2017-11-01T20:27:39+08:00 ] 127.0.0.1 /index.php/Home/Article/zannums?art_id=24&zannum=4
INFO: [ app_begin ] --START--
INFO: Run Behavior\ReadHtmlCacheBehavior [ RunTime:0.000771s ]
INFO: [ app_begin ] --END-- [ RunTime:0.001359s ]
SQL: SHOW COLUMNS FROM `article` [ RunTime:0.0058s ]
SQL: UPDATE `article` SET `likes`='4' WHERE `art_id` = 24 [ RunTime:0.0794s ]
INFO: [ app_end ] --START--
INFO: Run Behavior\ShowPageTraceBehavior [ RunTime:0.001612s ]
INFO: [ app_end ] --END-- [ RunTime:0.001759s ]

[ 2017-11-01T20:27:40+08:00 ] 127.0.0.1 /index.php/Home/Article/zannums?art_id=24&zannum=5
INFO: [ app_begin ] --START--
INFO: Run Behavior\ReadHtmlCacheBehavior [ RunTime:0.000856s ]
INFO: [ app_begin ] --END-- [ RunTime:0.003020s ]
SQL: SHOW COLUMNS FROM `article` [ RunTime:0.0057s ]
SQL: UPDATE `article` SET `likes`='5' WHERE `art_id` = 24 [ RunTime:0.0716s ]
INFO: [ app_end ] --START--
INFO: Run Behavior\ShowPageTraceBehavior [ RunTime:0.002424s ]
INFO: [ app_end ] --END-- [ RunTime:0.003140s ]

[ 2017-11-01T20:27:40+08:00 ] 127.0.0.1 /index.php/Home/Article/zannums?art_id=24&zannum=4
INFO: [ app_begin ] --START--
INFO: Run Behavior\ReadHtmlCacheBehavior [ RunTime:0.001036s ]
INFO: [ app_begin ] --END-- [ RunTime:0.001953s ]
SQL: SHOW COLUMNS FROM `article` [ RunTime:0.0073s ]
SQL: UPDATE `article` SET `likes`='4' WHERE `art_id` = 24 [ RunTime:0.0355s ]
INFO: [ app_end ] --START--
INFO: Run Behavior\ShowPageTraceBehavior [ RunTime:0.001247s ]
INFO: [ app_end ] --END-- [ RunTime:0.001342s ]

[ 2017-11-01T20:27:41+08:00 ] 127.0.0.1 /index.php/Home/Article/zannums?art_id=24&zannum=5
INFO: [ app_begin ] --START--
INFO: Run Behavior\ReadHtmlCacheBehavior [ RunTime:0.001207s ]
INFO: [ app_begin ] --END-- [ RunTime:0.002179s ]
SQL: SHOW COLUMNS FROM `article` [ RunTime:0.0083s ]
SQL: UPDATE `article` SET `likes`='5' WHERE `art_id` = 24 [ RunTime:0.1144s ]
INFO: [ app_end ] --START--
INFO: Run Behavior\ShowPageTraceBehavior [ RunTime:0.001751s ]
INFO: [ app_end ] --END-- [ RunTime:0.001880s ]

[ 2017-11-01T20:27:42+08:00 ] 127.0.0.1 /index.php/Home/Article/zannums?art_id=23&zannum=7
INFO: [ app_begin ] --START--
INFO: Run Behavior\ReadHtmlCacheBehavior [ RunTime:0.001835s ]
INFO: [ app_begin ] --END-- [ RunTime:0.003336s ]
SQL: SHOW COLUMNS FROM `article` [ RunTime:0.0066s ]
SQL: UPDATE `article` SET `likes`='7' WHERE `art_id` = 23 [ RunTime:0.0653s ]
INFO: [ app_end ] --START--
INFO: Run Behavior\ShowPageTraceBehavior [ RunTime:0.001163s ]
INFO: [ app_end ] --END-- [ RunTime:0.001253s ]

[ 2017-11-01T20:40:10+08:00 ] 127.0.0.1 /index.php/Home/Article/zannums?art_id=25&zannum=3
INFO: [ app_begin ] --START--
INFO: Run Behavior\ReadHtmlCacheBehavior [ RunTime:0.001409s ]
INFO: [ app_begin ] --END-- [ RunTime:0.001985s ]
SQL: SHOW COLUMNS FROM `article` [ RunTime:0.0063s ]
SQL: UPDATE `article` SET `likes`='3' WHERE `art_id` = 25 [ RunTime:0.0416s ]
INFO: [ app_end ] --START--
INFO: Run Behavior\ShowPageTraceBehavior [ RunTime:0.001763s ]
INFO: [ app_end ] --END-- [ RunTime:0.001883s ]

[ 2017-11-01T20:40:11+08:00 ] 127.0.0.1 /index.php/Home/Article/zannums?art_id=25&zannum=2
INFO: [ app_begin ] --START--
INFO: Run Behavior\ReadHtmlCacheBehavior [ RunTime:0.001490s ]
INFO: [ app_begin ] --END-- [ RunTime:0.002135s ]
SQL: SHOW COLUMNS FROM `article` [ RunTime:0.0061s ]
SQL: UPDATE `article` SET `likes`='2' WHERE `art_id` = 25 [ RunTime:0.0326s ]
INFO: [ app_end ] --START--
INFO: Run Behavior\ShowPageTraceBehavior [ RunTime:0.002377s ]
INFO: [ app_end ] --END-- [ RunTime:0.002517s ]

[ 2017-11-01T20:56:11+08:00 ] 127.0.0.1 /index.php/Home/Article/zannums?art_id=26&zannum=6
INFO: [ app_begin ] --START--
INFO: Run Behavior\ReadHtmlCacheBehavior [ RunTime:0.001007s ]
INFO: [ app_begin ] --END-- [ RunTime:0.001589s ]
SQL: SHOW COLUMNS FROM `article` [ RunTime:0.0059s ]
SQL: UPDATE `article` SET `likes`='6' WHERE `art_id` = 26 [ RunTime:0.0546s ]
INFO: [ app_end ] --START--
INFO: Run Behavior\ShowPageTraceBehavior [ RunTime:0.001986s ]
INFO: [ app_end ] --END-- [ RunTime:0.002138s ]

[ 2017-11-01T20:56:12+08:00 ] 127.0.0.1 /index.php/Home/Article/zannums?art_id=26&zannum=5
INFO: [ app_begin ] --START--
INFO: Run Behavior\ReadHtmlCacheBehavior [ RunTime:0.001021s ]
INFO: [ app_begin ] --END-- [ RunTime:0.001641s ]
SQL: SHOW COLUMNS FROM `article` [ RunTime:0.0050s ]
SQL: UPDATE `article` SET `likes`='5' WHERE `art_id` = 26 [ RunTime:0.0645s ]
INFO: [ app_end ] --START--
INFO: Run Behavior\ShowPageTraceBehavior [ RunTime:0.001173s ]
INFO: [ app_end ] --END-- [ RunTime:0.001287s ]

[ 2017-11-01T20:56:13+08:00 ] 127.0.0.1 /index.php/Home/Article/zannums?art_id=26&zannum=6
INFO: [ app_begin ] --START--
INFO: Run Behavior\ReadHtmlCacheBehavior [ RunTime:0.001194s ]
INFO: [ app_begin ] --END-- [ RunTime:0.001996s ]
SQL: SHOW COLUMNS FROM `article` [ RunTime:0.0071s ]
SQL: UPDATE `article` SET `likes`='6' WHERE `art_id` = 26 [ RunTime:0.0380s ]
INFO: [ app_end ] --START--
INFO: Run Behavior\ShowPageTraceBehavior [ RunTime:0.001811s ]
INFO: [ app_end ] --END-- [ RunTime:0.001949s ]

[ 2017-11-01T20:56:14+08:00 ] 127.0.0.1 /index.php/Home/Article/zannums?art_id=26&zannum=5
INFO: [ app_begin ] --START--
INFO: Run Behavior\ReadHtmlCacheBehavior [ RunTime:0.002073s ]
INFO: [ app_begin ] --END-- [ RunTime:0.002786s ]
SQL: SHOW COLUMNS FROM `article` [ RunTime:0.0086s ]
SQL: UPDATE `article` SET `likes`='5' WHERE `art_id` = 26 [ RunTime:0.1092s ]
INFO: [ app_end ] --START--
INFO: Run Behavior\ShowPageTraceBehavior [ RunTime:0.002688s ]
INFO: [ app_end ] --END-- [ RunTime:0.002818s ]

[ 2017-11-01T21:11:44+08:00 ] 127.0.0.1 /index.php/Home/Article/comment.html
ERR: 1048:Column 'cmt_content' cannot be null
 [ SQL语句 ] : INSERT INTO `comment` (`cmt_user`,`cmt_time`,`art_id`,`cmt_content`) VALUES ('lusnan','2017-11-01 21:11:44','0',NULL)

[ 2017-11-01T21:12:25+08:00 ] 127.0.0.1 /index.php/Home/Article/comment.html
ERR: 1048:Column 'cmt_content' cannot be null
 [ SQL语句 ] : INSERT INTO `comment` (`cmt_user`,`cmt_time`,`art_id`,`cmt_content`) VALUES ('lusnan','2017-11-01 21:12:25','0',NULL)

[ 2017-11-01T21:13:02+08:00 ] 127.0.0.1 /index.php/Home/Article/comment.html
ERR: 1048:Column 'cmt_content' cannot be null
 [ SQL语句 ] : INSERT INTO `comment` (`cmt_user`,`cmt_time`,`art_id`,`cmt_content`) VALUES ('lusnan','2017-11-01 21:13:01','0',NULL)

[ 2017-11-01T21:13:40+08:00 ] 127.0.0.1 /index.php/Home/Article/comment.html
ERR: 1048:Column 'cmt_content' cannot be null
 [ SQL语句 ] : INSERT INTO `comment` (`cmt_user`,`cmt_time`,`art_id`,`cmt_content`) VALUES ('lusnan','2017-11-01 21:13:40','0',NULL)

[ 2017-11-01T21:13:52+08:00 ] 127.0.0.1 /index.php/Home/Article/comment.html
ERR: 1048:Column 'cmt_content' cannot be null
 [ SQL语句 ] : INSERT INTO `comment` (`cmt_user`,`cmt_time`,`art_id`,`cmt_content`) VALUES ('lusnan','2017-11-01 21:13:52','0',NULL)

[ 2017-11-01T21:16:00+08:00 ] 127.0.0.1 /index.php/Home/Article/comment.html
ERR: 1048:Column 'cmt_content' cannot be null
 [ SQL语句 ] : INSERT INTO `comment` (`cmt_user`,`cmt_time`,`art_id`,`cmt_content`) VALUES ('lusnan','2017-11-01 21:16:00','0',NULL)

[ 2017-11-01T21:16:09+08:00 ] 127.0.0.1 /index.php/Home/Article/comment.html
ERR: 1048:Column 'cmt_content' cannot be null
 [ SQL语句 ] : INSERT INTO `comment` (`cmt_user`,`cmt_time`,`art_id`,`cmt_content`) VALUES ('lusnan','2017-11-01 21:16:09','0',NULL)

[ 2017-11-01T21:16:18+08:00 ] 127.0.0.1 /index.php/Home/Article/comment.html
ERR: 1048:Column 'cmt_content' cannot be null
 [ SQL语句 ] : INSERT INTO `comment` (`cmt_user`,`cmt_time`,`art_id`,`cmt_content`) VALUES ('lusnan','2017-11-01 21:16:18','0',NULL)

[ 2017-11-01T21:20:27+08:00 ] 127.0.0.1 /index.php/Home/Article/comment.html
ERR: 1048:Column 'cmt_content' cannot be null
 [ SQL语句 ] : INSERT INTO `comment` (`cmt_user`,`cmt_time`,`art_id`,`cmt_content`) VALUES ('lusnan','2017-11-01 21:20:27','0',NULL)

[ 2017-11-01T21:20:45+08:00 ] 127.0.0.1 /index.php/Home/Article/comment.html
ERR: 1048:Column 'cmt_content' cannot be null
 [ SQL语句 ] : INSERT INTO `comment` (`cmt_user`,`cmt_time`,`art_id`,`cmt_content`) VALUES ('lusnan','2017-11-01 21:20:45','0',NULL)

[ 2017-11-01T21:21:36+08:00 ] 127.0.0.1 /index.php/Home/Article/comment.html
ERR: 1048:Column 'cmt_content' cannot be null
 [ SQL语句 ] : INSERT INTO `comment` (`cmt_user`,`cmt_time`,`art_id`,`cmt_content`) VALUES ('lusnan','2017-11-01 21:21:36','0',NULL)

[ 2017-11-01T21:21:37+08:00 ] 127.0.0.1 /index.php/Home/Article/comment.html
ERR: 1048:Column 'cmt_content' cannot be null
 [ SQL语句 ] : INSERT INTO `comment` (`cmt_user`,`cmt_time`,`art_id`,`cmt_content`) VALUES ('lusnan','2017-11-01 21:21:37','0',NULL)

[ 2017-11-01T21:21:37+08:00 ] 127.0.0.1 /index.php/Home/Article/comment.html
ERR: 1048:Column 'cmt_content' cannot be null
 [ SQL语句 ] : INSERT INTO `comment` (`cmt_user`,`cmt_time`,`art_id`,`cmt_content`) VALUES ('lusnan','2017-11-01 21:21:37','0',NULL)

[ 2017-11-01T21:21:37+08:00 ] 127.0.0.1 /index.php/Home/Article/comment.html
ERR: 1048:Column 'cmt_content' cannot be null
 [ SQL语句 ] : INSERT INTO `comment` (`cmt_user`,`cmt_time`,`art_id`,`cmt_content`) VALUES ('lusnan','2017-11-01 21:21:37','0',NULL)

[ 2017-11-01T21:21:37+08:00 ] 127.0.0.1 /index.php/Home/Article/comment.html
ERR: 1048:Column 'cmt_content' cannot be null
 [ SQL语句 ] : INSERT INTO `comment` (`cmt_user`,`cmt_time`,`art_id`,`cmt_content`) VALUES ('lusnan','2017-11-01 21:21:37','0',NULL)

[ 2017-11-01T21:21:38+08:00 ] 127.0.0.1 /index.php/Home/Article/comment.html
ERR: 1048:Column 'cmt_content' cannot be null
 [ SQL语句 ] : INSERT INTO `comment` (`cmt_user`,`cmt_time`,`art_id`,`cmt_content`) VALUES ('lusnan','2017-11-01 21:21:38','0',NULL)

[ 2017-11-01T21:24:36+08:00 ] 127.0.0.1 /index.php/Home/Article/comment.html
ERR: 1048:Column 'cmt_content' cannot be null
 [ SQL语句 ] : INSERT INTO `comment` (`cmt_user`,`cmt_time`,`art_id`,`cmt_content`) VALUES ('lusnan','2017-11-01 21:24:36','0',NULL)

[ 2017-11-01T21:24:38+08:00 ] 127.0.0.1 /index.php/Home/Article/comment.html
ERR: 1048:Column 'cmt_content' cannot be null
 [ SQL语句 ] : INSERT INTO `comment` (`cmt_user`,`cmt_time`,`art_id`,`cmt_content`) VALUES ('lusnan','2017-11-01 21:24:38','0',NULL)

[ 2017-11-01T21:24:39+08:00 ] 127.0.0.1 /index.php/Home/Article/comment.html
ERR: 1048:Column 'cmt_content' cannot be null
 [ SQL语句 ] : INSERT INTO `comment` (`cmt_user`,`cmt_time`,`art_id`,`cmt_content`) VALUES ('lusnan','2017-11-01 21:24:39','0',NULL)

