[ 2017-11-02T09:18:34+08:00 ] 127.0.0.1 /index.php/Admin/Index/checklogin
INFO: [ app_begin ] --START--
INFO: Run Behavior\ReadHtmlCacheBehavior [ RunTime:0.001134s ]
INFO: [ app_begin ] --END-- [ RunTime:0.001832s ]
SQL: SHOW COLUMNS FROM `adminer` [ RunTime:0.0721s ]
SQL: SELECT * FROM `adminer` WHERE ( adminer_name = 'admin'  ) LIMIT 1   [ RunTime:0.0300s ]
NOTIC: [8] Undefined index: id C:\demo\lublog\Application\Admin\Controller\IndexController.class.php 第 75 行.

[ 2017-11-02T09:35:36+08:00 ] 127.0.0.1 /index.php/Admin/Comment/index.html
ERR: 无法加载控制器:Comment

[ 2017-11-02T09:36:49+08:00 ] 127.0.0.1 /index.php/Admin/Comment/index.html
ERR: 无法加载控制器:Comment

[ 2017-11-02T10:05:59+08:00 ] 127.0.0.1 /index.php/Admin/Index/checklogin
INFO: [ app_begin ] --START--
INFO: Run Behavior\ReadHtmlCacheBehavior [ RunTime:0.000790s ]
INFO: [ app_begin ] --END-- [ RunTime:0.001319s ]
SQL: SHOW COLUMNS FROM `adminer` [ RunTime:0.0083s ]
SQL: SELECT * FROM `adminer` WHERE ( adminer_name = 'admin'  ) LIMIT 1   [ RunTime:0.0004s ]
NOTIC: [8] Undefined index: id C:\demo\lublog\Application\Admin\Controller\IndexController.class.php 第 75 行.

[ 2017-11-02T11:20:20+08:00 ] 127.0.0.1 /index.php/Admin/Index/checklogin
INFO: [ app_begin ] --START--
INFO: Run Behavior\ReadHtmlCacheBehavior [ RunTime:0.000789s ]
INFO: [ app_begin ] --END-- [ RunTime:0.001319s ]
SQL: SHOW COLUMNS FROM `adminer` [ RunTime:0.0502s ]
SQL: SELECT * FROM `adminer` WHERE ( adminer_name = 'admin'  ) LIMIT 1   [ RunTime:0.0005s ]
NOTIC: [8] Undefined index: id C:\demo\lublog\Application\Admin\Controller\IndexController.class.php 第 79 行.

[ 2017-11-02T12:19:20+08:00 ] 127.0.0.1 /index.php/Admin/Index/checklogin
INFO: [ app_begin ] --START--
INFO: Run Behavior\ReadHtmlCacheBehavior [ RunTime:0.001721s ]
INFO: [ app_begin ] --END-- [ RunTime:0.002331s ]
SQL: SHOW COLUMNS FROM `adminer` [ RunTime:0.0087s ]
SQL: SELECT * FROM `adminer` WHERE ( adminer_name = 'admin'  ) LIMIT 1   [ RunTime:0.0005s ]
NOTIC: [8] Undefined index: id C:\demo\lublog\Application\Admin\Controller\IndexController.class.php 第 79 行.

